#
# There is insufficient memory for the Java Runtime Environment to continue.
# Native memory allocation (malloc) failed to allocate 133169152 bytes for committing reserved memory.
# Possible reasons:
#   The system is out of physical RAM or swap space
#   In 32 bit mode, the process size limit was hit
# Possible solutions:
#   Reduce memory load on the system
#   Increase physical memory or swap space
#   Check if swap backing store is full
#   Use 64 bit Java on a 64 bit OS
#   Decrease Java heap size (-Xmx/-Xms)
#   Decrease number of Java threads
#   Decrease Java thread stack sizes (-Xss)
#   Set larger code cache with -XX:ReservedCodeCacheSize=
# This output file may be truncated or incomplete.
#
#  Out of Memory Error (os_linux.cpp:2827), pid=18060, tid=140626770863872
#
# JRE version: OpenJDK Runtime Environment (7.0_101) (build 1.7.0_101-b00)
# Java VM: OpenJDK 64-Bit Server VM (24.95-b01 mixed mode linux-amd64 compressed oops)
# Derivative: IcedTea 2.6.6
# Distribution: Ubuntu 14.04 LTS, package 7u101-2.6.6-0ubuntu0.14.04.1
# Failed to write core dump. Core dumps have been disabled. To enable core dumping, try "ulimit -c unlimited" before starting Java again
#

---------------  T H R E A D  ---------------

Current thread (0x00007fe634076000):  VMThread [stack: 0x00007fe638a92000,0x00007fe638b93000] [id=18069]

Stack: [0x00007fe638a92000,0x00007fe638b93000],  sp=0x00007fe638b91490,  free space=1021k
Native frames: (J=compiled Java code, j=interpreted, Vv=VM code, C=native code)
V  [libjvm.so+0x955705]
V  [libjvm.so+0x490c44]
V  [libjvm.so+0x7d0c9b]
V  [libjvm.so+0x7cb75f]
V  [libjvm.so+0x83ee5b]
V  [libjvm.so+0x83fcc0]
V  [libjvm.so+0x8403ab]
V  [libjvm.so+0x83c5e8]
V  [libjvm.so+0x83ce58]
V  [libjvm.so+0x7f34a3]
V  [libjvm.so+0x957104]
V  [libjvm.so+0x95b207]
V  [libjvm.so+0x959cc8]
V  [libjvm.so+0x95a129]
V  [libjvm.so+0x95a572]
V  [libjvm.so+0x7cdb62]

VM_Operation (0x00007fe630103f30): ParallelGCFailedAllocation, mode: safepoint, requested by thread 0x00007fe634196000


---------------  P R O C E S S  ---------------

Java Threads: ( => current thread )
  0x00007fe6341a6800 JavaThread "pool-1-thread-4" [_thread_blocked, id=18102, stack(0x00007fe628e48000,0x00007fe628f49000)]
  0x00007fe6341a4800 JavaThread "pool-1-thread-3" [_thread_blocked, id=18101, stack(0x00007fe628f49000,0x00007fe62904a000)]
  0x00007fe6341a3800 JavaThread "pool-1-thread-2" [_thread_blocked, id=18100, stack(0x00007fe62904a000,0x00007fe62914b000)]
  0x00007fe634198000 JavaThread "pool-2-thread-1" [_thread_blocked, id=18099, stack(0x00007fe62914b000,0x00007fe62924c000)]
  0x00007fe634196000 JavaThread "pool-1-thread-1" [_thread_blocked, id=18098, stack(0x00007fe630005000,0x00007fe630106000)]
  0x00007fe6340b0800 JavaThread "Service Thread" daemon [_thread_blocked, id=18076, stack(0x00007fe6381c3000,0x00007fe6382c4000)]
  0x00007fe6340ae000 JavaThread "C2 CompilerThread1" daemon [_thread_blocked, id=18075, stack(0x00007fe6382c4000,0x00007fe6383c5000)]
  0x00007fe6340ab000 JavaThread "C2 CompilerThread0" daemon [_thread_blocked, id=18074, stack(0x00007fe6383c5000,0x00007fe6384c6000)]
  0x00007fe6340a9000 JavaThread "Signal Dispatcher" daemon [_thread_blocked, id=18073, stack(0x00007fe6384c6000,0x00007fe6385c7000)]
  0x00007fe63407c800 JavaThread "Finalizer" daemon [_thread_blocked, id=18071, stack(0x00007fe638890000,0x00007fe638991000)]
  0x00007fe63407a800 JavaThread "Reference Handler" daemon [_thread_blocked, id=18070, stack(0x00007fe638991000,0x00007fe638a92000)]
  0x00007fe63400a800 JavaThread "main" [_thread_blocked, id=18064, stack(0x00007fe63dc6d000,0x00007fe63dd6e000)]

Other Threads:
=>0x00007fe634076000 VMThread [stack: 0x00007fe638a92000,0x00007fe638b93000] [id=18069]
  0x00007fe6340bb000 WatcherThread [stack: 0x00007fe6380c2000,0x00007fe6381c3000] [id=18078]

VM state:at safepoint (normal execution)

VM Mutex/Monitor currently owned by a thread:  ([mutex/lock_event])
[0x00007fe634006ac0] Threads_lock - owner thread: 0x00007fe634076000
[0x00007fe634006fc0] Heap_lock - owner thread: 0x00007fe634196000

Heap
 PSYoungGen      total 101888K, used 3560K [0x00000000eaa80000, 0x00000000f1180000, 0x0000000100000000)
  eden space 98304K, 0% used [0x00000000eaa80000,0x00000000eaa80000,0x00000000f0a80000)
  from space 3584K, 99% used [0x00000000f0a80000,0x00000000f0dfa3a8,0x00000000f0e00000)
  to   space 3584K, 0% used [0x00000000f0e00000,0x00000000f0e00000,0x00000000f1180000)
 ParOldGen       total 62464K, used 33681K [0x00000000c0000000, 0x00000000c3d00000, 0x00000000eaa80000)
  object space 62464K, 53% used [0x00000000c0000000,0x00000000c20e4458,0x00000000c3d00000)
 PSPermGen       total 21504K, used 6380K [0x00000000b5a00000, 0x00000000b6f00000, 0x00000000c0000000)
  object space 21504K, 29% used [0x00000000b5a00000,0x00000000b603b060,0x00000000b6f00000)

Card table byte_map: [0x00007fe63a653000,0x00007fe63a8a7000] byte_map_base: 0x00007fe63a0a6000

Polling page: 0x00007fe63dd92000

Code Cache  [0x00007fe631000000, 0x00007fe631270000, 0x00007fe634000000)
 total_blobs=602 nmethods=371 adapters=184 free_code_cache=47519Kb largest_free_block=48614144

Compilation events (10 events):
Event: 15.635 Thread 0x00007fe6340ab000 nmethod 383 0x00007fe6311904d0 code [0x00007fe631190600, 0x00007fe631190698]
Event: 15.635 Thread 0x00007fe6340ab000  384             java.util.Collections$UnmodifiableList::<init> (11 bytes)
Event: 15.636 Thread 0x00007fe6340ab000 nmethod 384 0x00007fe631177bd0 code [0x00007fe631177d00, 0x00007fe631177d98]
Event: 15.636 Thread 0x00007fe6340ab000  385             com.android.dx.ssa.SsaBasicBlock::forEachInsn (37 bytes)
Event: 16.144 Thread 0x00007fe6340ab000 nmethod 385 0x00007fe631198c90 code [0x00007fe631199240, 0x00007fe63119c8a0]
Event: 16.144 Thread 0x00007fe6340ab000  386             com.android.dx.rop.code.Insn::getLocalAssignment (48 bytes)
Event: 16.146 Thread 0x00007fe6340ab000 nmethod 386 0x00007fe6311777d0 code [0x00007fe631177920, 0x00007fe631177a18]
Event: 16.146 Thread 0x00007fe6340ab000  387             com.android.dx.dex.code.RopTranslator$LocalVariableAwareTranslationVisitor::addIntroductionIfNecessary (30 bytes)
Event: 16.186 Thread 0x00007fe6340ab000 nmethod 387 0x00007fe6310ec210 code [0x00007fe6310ec3c0, 0x00007fe6310ec748]
Event: 16.186 Thread 0x00007fe6340ab000  388             com.android.dx.rop.code.LocalVariableInfo::getAssignment (12 bytes)

GC Heap History (9 events):
Event: 2.699 GC heap before
{Heap before GC invocations=1 (full 0):
 PSYoungGen      total 28160K, used 24576K [0x00000000eaa80000, 0x00000000ec980000, 0x0000000100000000)
  eden space 24576K, 100% used [0x00000000eaa80000,0x00000000ec280000,0x00000000ec280000)
  from space 3584K, 0% used [0x00000000ec600000,0x00000000ec600000,0x00000000ec980000)
  to   space 3584K, 0% used [0x00000000ec280000,0x00000000ec280000,0x00000000ec600000)
 ParOldGen       total 62464K, used 0K [0x00000000c0000000, 0x00000000c3d00000, 0x00000000eaa80000)
  object space 62464K, 0% used [0x00000000c0000000,0x00000000c0000000,0x00000000c3d00000)
 PSPermGen       total 21504K, used 6040K [0x00000000b5a00000, 0x00000000b6f00000, 0x00000000c0000000)
  object space 21504K, 28% used [0x00000000b5a00000,0x00000000b5fe6338,0x00000000b6f00000)
Event: 2.744 GC heap after
Heap after GC invocations=1 (full 0):
 PSYoungGen      total 28160K, used 3556K [0x00000000eaa80000, 0x00000000ee180000, 0x0000000100000000)
  eden space 24576K, 0% used [0x00000000eaa80000,0x00000000eaa80000,0x00000000ec280000)
  from space 3584K, 99% used [0x00000000ec280000,0x00000000ec5f92a8,0x00000000ec600000)
  to   space 3584K, 0% used [0x00000000ede00000,0x00000000ede00000,0x00000000ee180000)
 ParOldGen       total 62464K, used 948K [0x00000000c0000000, 0x00000000c3d00000, 0x00000000eaa80000)
  object space 62464K, 1% used [0x00000000c0000000,0x00000000c00ed288,0x00000000c3d00000)
 PSPermGen       total 21504K, used 6040K [0x00000000b5a00000, 0x00000000b6f00000, 0x00000000c0000000)
  object space 21504K, 28% used [0x00000000b5a00000,0x00000000b5fe6338,0x00000000b6f00000)
}
Event: 4.569 GC heap before
{Heap before GC invocations=2 (full 0):
 PSYoungGen      total 28160K, used 28132K [0x00000000eaa80000, 0x00000000ee180000, 0x0000000100000000)
  eden space 24576K, 100% used [0x00000000eaa80000,0x00000000ec280000,0x00000000ec280000)
  from space 3584K, 99% used [0x00000000ec280000,0x00000000ec5f92a8,0x00000000ec600000)
  to   space 3584K, 0% used [0x00000000ede00000,0x00000000ede00000,0x00000000ee180000)
 ParOldGen       total 62464K, used 948K [0x00000000c0000000, 0x00000000c3d00000, 0x00000000eaa80000)
  object space 62464K, 1% used [0x00000000c0000000,0x00000000c00ed288,0x00000000c3d00000)
 PSPermGen       total 21504K, used 6217K [0x00000000b5a00000, 0x00000000b6f00000, 0x00000000c0000000)
  object space 21504K, 28% used [0x00000000b5a00000,0x00000000b6012698,0x00000000b6f00000)
Event: 4.600 GC heap after
Heap after GC invocations=2 (full 0):
 PSYoungGen      total 52736K, used 3565K [0x00000000eaa80000, 0x00000000ee180000, 0x0000000100000000)
  eden space 49152K, 0% used [0x00000000eaa80000,0x00000000eaa80000,0x00000000eda80000)
  from space 3584K, 99% used [0x00000000ede00000,0x00000000ee17b7a0,0x00000000ee180000)
  to   space 3584K, 0% used [0x00000000eda80000,0x00000000eda80000,0x00000000ede00000)
 ParOldGen       total 62464K, used 3803K [0x00000000c0000000, 0x00000000c3d00000, 0x00000000eaa80000)
  object space 62464K, 6% used [0x00000000c0000000,0x00000000c03b6ee0,0x00000000c3d00000)
 PSPermGen       total 21504K, used 6217K [0x00000000b5a00000, 0x00000000b6f00000, 0x00000000c0000000)
  object space 21504K, 28% used [0x00000000b5a00000,0x00000000b6012698,0x00000000b6f00000)
}
Event: 7.357 GC heap before
{Heap before GC invocations=3 (full 0):
 PSYoungGen      total 52736K, used 52717K [0x00000000eaa80000, 0x00000000ee180000, 0x0000000100000000)
  eden space 49152K, 100% used [0x00000000eaa80000,0x00000000eda80000,0x00000000eda80000)
  from space 3584K, 99% used [0x00000000ede00000,0x00000000ee17b7a0,0x00000000ee180000)
  to   space 3584K, 0% used [0x00000000eda80000,0x00000000eda80000,0x00000000ede00000)
 ParOldGen       total 62464K, used 3803K [0x00000000c0000000, 0x00000000c3d00000, 0x00000000eaa80000)
  object space 62464K, 6% used [0x00000000c0000000,0x00000000c03b6ee0,0x00000000c3d00000)
 PSPermGen       total 21504K, used 6289K [0x00000000b5a00000, 0x00000000b6f00000, 0x00000000c0000000)
  object space 21504K, 29% used [0x00000000b5a00000,0x00000000b6024620,0x00000000b6f00000)
Event: 7.483 GC heap after
Heap after GC invocations=3 (full 0):
 PSYoungGen      total 52736K, used 3583K [0x00000000eaa80000, 0x00000000f1180000, 0x0000000100000000)
  eden space 49152K, 0% used [0x00000000eaa80000,0x00000000eaa80000,0x00000000eda80000)
  from space 3584K, 99% used [0x00000000eda80000,0x00000000eddffca8,0x00000000ede00000)
  to   space 3584K, 0% used [0x00000000f0e00000,0x00000000f0e00000,0x00000000f1180000)
 ParOldGen       total 62464K, used 11764K [0x00000000c0000000, 0x00000000c3d00000, 0x00000000eaa80000)
  object space 62464K, 18% used [0x00000000c0000000,0x00000000c0b7d358,0x00000000c3d00000)
 PSPermGen       total 21504K, used 6289K [0x00000000b5a00000, 0x00000000b6f00000, 0x00000000c0000000)
  object space 21504K, 29% used [0x00000000b5a00000,0x00000000b6024620,0x00000000b6f00000)
}
Event: 9.809 GC heap before
{Heap before GC invocations=4 (full 0):
 PSYoungGen      total 52736K, used 52735K [0x00000000eaa80000, 0x00000000f1180000, 0x0000000100000000)
  eden space 49152K, 100% used [0x00000000eaa80000,0x00000000eda80000,0x00000000eda80000)
  from space 3584K, 99% used [0x00000000eda80000,0x00000000eddffca8,0x00000000ede00000)
  to   space 3584K, 0% used [0x00000000f0e00000,0x00000000f0e00000,0x00000000f1180000)
 ParOldGen       total 62464K, used 11764K [0x00000000c0000000, 0x00000000c3d00000, 0x00000000eaa80000)
  object space 62464K, 18% used [0x00000000c0000000,0x00000000c0b7d358,0x00000000c3d00000)
 PSPermGen       total 21504K, used 6328K [0x00000000b5a00000, 0x00000000b6f00000, 0x00000000c0000000)
  object space 21504K, 29% used [0x00000000b5a00000,0x00000000b602e180,0x00000000b6f00000)
Event: 9.937 GC heap after
Heap after GC invocations=4 (full 0):
 PSYoungGen      total 101888K, used 3552K [0x00000000eaa80000, 0x00000000f1180000, 0x0000000100000000)
  eden space 98304K, 0% used [0x00000000eaa80000,0x00000000eaa80000,0x00000000f0a80000)
  from space 3584K, 99% used [0x00000000f0e00000,0x00000000f1178028,0x00000000f1180000)
  to   space 3584K, 0% used [0x00000000f0a80000,0x00000000f0a80000,0x00000000f0e00000)
 ParOldGen       total 62464K, used 19918K [0x00000000c0000000, 0x00000000c3d00000, 0x00000000eaa80000)
  object space 62464K, 31% used [0x00000000c0000000,0x00000000c1373b08,0x00000000c3d00000)
 PSPermGen       total 21504K, used 6328K [0x00000000b5a00000, 0x00000000b6f00000, 0x00000000c0000000)
  object space 21504K, 29% used [0x00000000b5a00000,0x00000000b602e180,0x00000000b6f00000)
}
Event: 16.201 GC heap before
{Heap before GC invocations=5 (full 0):
 PSYoungGen      total 101888K, used 101856K [0x00000000eaa80000, 0x00000000f1180000, 0x0000000100000000)
  eden space 98304K, 100% used [0x00000000eaa80000,0x00000000f0a80000,0x00000000f0a80000)
  from space 3584K, 99% used [0x00000000f0e00000,0x00000000f1178028,0x00000000f1180000)
  to   space 3584K, 0% used [0x00000000f0a80000,0x00000000f0a80000,0x00000000f0e00000)
 ParOldGen       total 62464K, used 19918K [0x00000000c0000000, 0x00000000c3d00000, 0x00000000eaa80000)
  object space 62464K, 31% used [0x00000000c0000000,0x00000000c1373b08,0x00000000c3d00000)
 PSPermGen       total 21504K, used 6380K [0x00000000b5a00000, 0x00000000b6f00000, 0x00000000c0000000)
  object space 21504K, 29% used [0x00000000b5a00000,0x00000000b603b060,0x00000000b6f00000)

Deoptimization events (10 events):
Event: 5.990 Thread 0x00007fe634196000 Uncommon trap: reason=bimorphic action=maybe_recompile pc=0x00007fe6310d1a18 method=java.util.HashMap.put(Ljava/lang/Object;Ljava/lang/Object;)Ljava/lang/Object; @ 83
Event: 5.990 Thread 0x00007fe634196000 Uncommon trap: reason=bimorphic action=maybe_recompile pc=0x00007fe6310d1a18 method=java.util.HashMap.put(Ljava/lang/Object;Ljava/lang/Object;)Ljava/lang/Object; @ 83
Event: 6.382 Thread 0x00007fe63400a800 Uncommon trap: reason=null_check action=make_not_entrant pc=0x00007fe6310fcc84 method=com.android.dx.rop.type.Type.putIntern(Lcom/android/dx/rop/type/Type;)Lcom/android/dx/rop/type/Type; @ 18
Event: 6.525 Thread 0x00007fe63400a800 Uncommon trap: reason=unstable_if action=reinterpret pc=0x00007fe6310edcf4 method=com.android.dx.util.IntList.binarysearch(I)I @ 105
Event: 6.526 Thread 0x00007fe63400a800 Uncommon trap: reason=unstable_if action=reinterpret pc=0x00007fe631090434 method=com.android.dx.util.IntList.binarysearch(I)I @ 105
Event: 7.701 Thread 0x00007fe6341a6800 Uncommon trap: reason=unstable_if action=reinterpret pc=0x00007fe6310e7844 method=com.android.dx.ssa.SCCP.simulateBranch(Lcom/android/dx/ssa/SsaInsn;)V @ 64
Event: 7.703 Thread 0x00007fe6341a6800 Uncommon trap: reason=unstable_if action=reinterpret pc=0x00007fe6310dfc8c method=com.android.dx.ssa.SsaMethod.updateOneDefinition(Lcom/android/dx/ssa/SsaInsn;Lcom/android/dx/rop/code/RegisterSpec;)V @ 4
Event: 7.765 Thread 0x00007fe63400a800 Uncommon trap: reason=unstable_if action=reinterpret pc=0x00007fe6310f3ec8 method=com.android.dx.ssa.Dominators.run()V @ 346
Event: 9.645 Thread 0x00007fe6341a6800 Uncommon trap: reason=unstable_if action=reinterpret pc=0x00007fe6310d4678 method=com.android.dx.rop.code.RegisterSpecSet.localItemToSpec(Lcom/android/dx/rop/code/LocalItem;)Lcom/android/dx/rop/code/RegisterSpec; @ 35
Event: 13.597 Thread 0x00007fe6341a6800 Uncommon trap: reason=unstable_if action=reinterpret pc=0x00007fe631133014 method=com.android.dx.cf.code.Ropper.isSynchronized()Z @ 12

Internal exceptions (10 events):
Event: 2.107 Thread 0x00007fe6341a6800 Threw 0x00000000ebb65da8 at /build/openjdk-7-9duhBW/openjdk-7-7u101-2.6.6/build/openjdk/hotspot/src/share/vm/prims/jvm.cpp:1322
Event: 2.558 Thread 0x00007fe634196000 Threw 0x00000000ec08b600 at /build/openjdk-7-9duhBW/openjdk-7-7u101-2.6.6/build/openjdk/hotspot/src/share/vm/prims/jvm.cpp:1322
Event: 2.854 Thread 0x00007fe6341a6800 Threw 0x00000000eac4b7f0 at /build/openjdk-7-9duhBW/openjdk-7-7u101-2.6.6/build/openjdk/hotspot/src/share/vm/prims/jvm.cpp:1322
Event: 5.229 Thread 0x00007fe6341a6800 Implicit null exception at 0x00007fe6310aae7b to 0x00007fe6310ac8cd
Event: 5.248 Thread 0x00007fe6341a4800 Implicit null exception at 0x00007fe6310b5a56 to 0x00007fe6310b6595
Event: 5.301 Thread 0x00007fe63400a800 Threw 0x00000000eb2b00e8 at /build/openjdk-7-9duhBW/openjdk-7-7u101-2.6.6/build/openjdk/hotspot/src/share/vm/prims/jvm.cpp:1322
Event: 6.382 Thread 0x00007fe63400a800 Implicit null exception at 0x00007fe6310fc5bf to 0x00007fe6310fcc75
Event: 6.708 Thread 0x00007fe63400a800 Threw 0x00000000ecd738f0 at /build/openjdk-7-9duhBW/openjdk-7-7u101-2.6.6/build/openjdk/hotspot/src/share/vm/prims/jvm.cpp:1322
Event: 7.702 Thread 0x00007fe6341a6800 Threw 0x00000000eaea89f0 at /build/openjdk-7-9duhBW/openjdk-7-7u101-2.6.6/build/openjdk/hotspot/src/share/vm/prims/jvm.cpp:1322
Event: 12.032 Thread 0x00007fe63400a800 Threw 0x00000000ec48af18 at /build/openjdk-7-9duhBW/openjdk-7-7u101-2.6.6/build/openjdk/hotspot/src/share/vm/prims/jvm.cpp:1322

Events (10 events):
Event: 13.747 Thread 0x00007fe6340ae000 flushing nmethod 0x00007fe6310b5610
Event: 14.451 Thread 0x00007fe6340ae000 flushing nmethod 0x00007fe631090190
Event: 14.590 Thread 0x00007fe6340ae000 flushing nmethod 0x00007fe6310d1090
Event: 14.638 Thread 0x00007fe6340ae000 flushing nmethod 0x00007fe6310eda50
Event: 14.638 Thread 0x00007fe6340ae000 flushing nmethod 0x00007fe6310fbd50
Event: 15.098 Thread 0x00007fe6340ab000 flushing nmethod 0x00007fe6310d2310
Event: 15.157 Thread 0x00007fe6340ae000 flushing nmethod 0x00007fe6310dfb10
Event: 15.157 Thread 0x00007fe6340ae000 flushing nmethod 0x00007fe6310e4fd0
Event: 15.242 Thread 0x00007fe6340ae000 flushing nmethod 0x00007fe6310f0d90
Event: 16.201 Executing VM operation: ParallelGCFailedAllocation


Dynamic libraries:
00400000-00401000 r-xp 00000000 08:09 1578469                            /usr/lib/jvm/java-7-openjdk-amd64/jre/bin/java
00600000-00601000 r--p 00000000 08:09 1578469                            /usr/lib/jvm/java-7-openjdk-amd64/jre/bin/java
00601000-00602000 rw-p 00001000 08:09 1578469                            /usr/lib/jvm/java-7-openjdk-amd64/jre/bin/java
022eb000-0230c000 rw-p 00000000 00:00 0                                  [heap]
b5a00000-b6f00000 rw-p 00000000 00:00 0 
b6f00000-c0000000 rw-p 00000000 00:00 0 
c0000000-c3d00000 rw-p 00000000 00:00 0 
c3d00000-eaa80000 rw-p 00000000 00:00 0 
eaa80000-f1180000 rw-p 00000000 00:00 0 
f9080000-100000000 rw-p 00000000 00:00 0 
7fe5e4000000-7fe5e4021000 rw-p 00000000 00:00 0 
7fe5e4021000-7fe5e8000000 ---p 00000000 00:00 0 
7fe5e8000000-7fe5e8021000 rw-p 00000000 00:00 0 
7fe5e8021000-7fe5ec000000 ---p 00000000 00:00 0 
7fe5ec000000-7fe5ec021000 rw-p 00000000 00:00 0 
7fe5ec021000-7fe5f0000000 ---p 00000000 00:00 0 
7fe5f0000000-7fe5f0021000 rw-p 00000000 00:00 0 
7fe5f0021000-7fe5f4000000 ---p 00000000 00:00 0 
7fe5f4000000-7fe5f4021000 rw-p 00000000 00:00 0 
7fe5f4021000-7fe5f8000000 ---p 00000000 00:00 0 
7fe5f8000000-7fe5f802e000 rw-p 00000000 00:00 0 
7fe5f802e000-7fe5fc000000 ---p 00000000 00:00 0 
7fe5fc000000-7fe5fd25c000 rw-p 00000000 00:00 0 
7fe5fd25c000-7fe600000000 ---p 00000000 00:00 0 
7fe600000000-7fe600021000 rw-p 00000000 00:00 0 
7fe600021000-7fe604000000 ---p 00000000 00:00 0 
7fe604000000-7fe604021000 rw-p 00000000 00:00 0 
7fe604021000-7fe608000000 ---p 00000000 00:00 0 
7fe608000000-7fe609856000 rw-p 00000000 00:00 0 
7fe609856000-7fe60c000000 ---p 00000000 00:00 0 
7fe60c000000-7fe60c021000 rw-p 00000000 00:00 0 
7fe60c021000-7fe610000000 ---p 00000000 00:00 0 
7fe610000000-7fe610021000 rw-p 00000000 00:00 0 
7fe610021000-7fe614000000 ---p 00000000 00:00 0 
7fe614000000-7fe614021000 rw-p 00000000 00:00 0 
7fe614021000-7fe618000000 ---p 00000000 00:00 0 
7fe618000000-7fe618021000 rw-p 00000000 00:00 0 
7fe618021000-7fe61c000000 ---p 00000000 00:00 0 
7fe61c000000-7fe61c021000 rw-p 00000000 00:00 0 
7fe61c021000-7fe620000000 ---p 00000000 00:00 0 
7fe624000000-7fe624021000 rw-p 00000000 00:00 0 
7fe624021000-7fe628000000 ---p 00000000 00:00 0 
7fe628e48000-7fe628e4b000 ---p 00000000 00:00 0 
7fe628e4b000-7fe628f49000 rw-p 00000000 00:00 0                          [stack:18102]
7fe628f49000-7fe628f4c000 ---p 00000000 00:00 0 
7fe628f4c000-7fe62904a000 rw-p 00000000 00:00 0                          [stack:18101]
7fe62904a000-7fe62904d000 ---p 00000000 00:00 0 
7fe62904d000-7fe62914b000 rw-p 00000000 00:00 0                          [stack:18100]
7fe62914b000-7fe62914e000 ---p 00000000 00:00 0 
7fe62914e000-7fe62924c000 rw-p 00000000 00:00 0                          [stack:18099]
7fe62924c000-7fe629289000 r-xp 00000000 08:09 393232                     /lib/x86_64-linux-gnu/libpcre.so.3.13.1
7fe629289000-7fe629488000 ---p 0003d000 08:09 393232                     /lib/x86_64-linux-gnu/libpcre.so.3.13.1
7fe629488000-7fe629489000 r--p 0003c000 08:09 393232                     /lib/x86_64-linux-gnu/libpcre.so.3.13.1
7fe629489000-7fe62948a000 rw-p 0003d000 08:09 393232                     /lib/x86_64-linux-gnu/libpcre.so.3.13.1
7fe62948a000-7fe629491000 r-xp 00000000 08:09 1442766                    /usr/lib/x86_64-linux-gnu/libffi.so.6.0.1
7fe629491000-7fe629690000 ---p 00007000 08:09 1442766                    /usr/lib/x86_64-linux-gnu/libffi.so.6.0.1
7fe629690000-7fe629691000 r--p 00006000 08:09 1442766                    /usr/lib/x86_64-linux-gnu/libffi.so.6.0.1
7fe629691000-7fe629692000 rw-p 00007000 08:09 1442766                    /usr/lib/x86_64-linux-gnu/libffi.so.6.0.1
7fe629692000-7fe6296a9000 r-xp 00000000 08:09 393246                     /lib/x86_64-linux-gnu/libresolv-2.19.so
7fe6296a9000-7fe6298a9000 ---p 00017000 08:09 393246                     /lib/x86_64-linux-gnu/libresolv-2.19.so
7fe6298a9000-7fe6298aa000 r--p 00017000 08:09 393246                     /lib/x86_64-linux-gnu/libresolv-2.19.so
7fe6298aa000-7fe6298ab000 rw-p 00018000 08:09 393246                     /lib/x86_64-linux-gnu/libresolv-2.19.so
7fe6298ab000-7fe6298ad000 rw-p 00000000 00:00 0 
7fe6298ad000-7fe6298cd000 r-xp 00000000 08:09 398000                     /lib/x86_64-linux-gnu/libselinux.so.1
7fe6298cd000-7fe629acc000 ---p 00020000 08:09 398000                     /lib/x86_64-linux-gnu/libselinux.so.1
7fe629acc000-7fe629acd000 r--p 0001f000 08:09 398000                     /lib/x86_64-linux-gnu/libselinux.so.1
7fe629acd000-7fe629ace000 rw-p 00020000 08:09 398000                     /lib/x86_64-linux-gnu/libselinux.so.1
7fe629ace000-7fe62c000000 rw-p 00000000 00:00 0 
7fe62c000000-7fe62c021000 rw-p 00000000 00:00 0 
7fe62c021000-7fe630000000 ---p 00000000 00:00 0 
7fe630005000-7fe630008000 ---p 00000000 00:00 0 
7fe630008000-7fe630106000 rw-p 00000000 00:00 0                          [stack:18098]
7fe630106000-7fe630109000 r-xp 00000000 08:09 1453606                    /usr/lib/x86_64-linux-gnu/libgmodule-2.0.so.0.4002.0
7fe630109000-7fe630308000 ---p 00003000 08:09 1453606                    /usr/lib/x86_64-linux-gnu/libgmodule-2.0.so.0.4002.0
7fe630308000-7fe630309000 r--p 00002000 08:09 1453606                    /usr/lib/x86_64-linux-gnu/libgmodule-2.0.so.0.4002.0
7fe630309000-7fe63030a000 rw-p 00003000 08:09 1453606                    /usr/lib/x86_64-linux-gnu/libgmodule-2.0.so.0.4002.0
7fe63030a000-7fe630410000 r-xp 00000000 08:09 397900                     /lib/x86_64-linux-gnu/libglib-2.0.so.0.4002.0
7fe630410000-7fe63060f000 ---p 00106000 08:09 397900                     /lib/x86_64-linux-gnu/libglib-2.0.so.0.4002.0
7fe63060f000-7fe630610000 r--p 00105000 08:09 397900                     /lib/x86_64-linux-gnu/libglib-2.0.so.0.4002.0
7fe630610000-7fe630611000 rw-p 00106000 08:09 397900                     /lib/x86_64-linux-gnu/libglib-2.0.so.0.4002.0
7fe630611000-7fe630612000 rw-p 00000000 00:00 0 
7fe630612000-7fe630661000 r-xp 00000000 08:09 1453630                    /usr/lib/x86_64-linux-gnu/libgobject-2.0.so.0.4002.0
7fe630661000-7fe630861000 ---p 0004f000 08:09 1453630                    /usr/lib/x86_64-linux-gnu/libgobject-2.0.so.0.4002.0
7fe630861000-7fe630862000 r--p 0004f000 08:09 1453630                    /usr/lib/x86_64-linux-gnu/libgobject-2.0.so.0.4002.0
7fe630862000-7fe630863000 rw-p 00050000 08:09 1453630                    /usr/lib/x86_64-linux-gnu/libgobject-2.0.so.0.4002.0
7fe630863000-7fe6309cf000 r-xp 00000000 08:09 1453592                    /usr/lib/x86_64-linux-gnu/libgio-2.0.so.0.4002.0
7fe6309cf000-7fe630bce000 ---p 0016c000 08:09 1453592                    /usr/lib/x86_64-linux-gnu/libgio-2.0.so.0.4002.0
7fe630bce000-7fe630bd2000 r--p 0016b000 08:09 1453592                    /usr/lib/x86_64-linux-gnu/libgio-2.0.so.0.4002.0
7fe630bd2000-7fe630bd4000 rw-p 0016f000 08:09 1453592                    /usr/lib/x86_64-linux-gnu/libgio-2.0.so.0.4002.0
7fe630bd4000-7fe630bd6000 rw-p 00000000 00:00 0 
7fe630bd6000-7fe630bed000 r-xp 00000000 08:09 1584906                    /usr/lib/jvm/java-7-openjdk-amd64/jre/lib/amd64/libnet.so
7fe630bed000-7fe630dec000 ---p 00017000 08:09 1584906                    /usr/lib/jvm/java-7-openjdk-amd64/jre/lib/amd64/libnet.so
7fe630dec000-7fe630ded000 r--p 00016000 08:09 1584906                    /usr/lib/jvm/java-7-openjdk-amd64/jre/lib/amd64/libnet.so
7fe630ded000-7fe630dee000 rw-p 00017000 08:09 1584906                    /usr/lib/jvm/java-7-openjdk-amd64/jre/lib/amd64/libnet.so
7fe630dee000-7fe630dfe000 r-xp 00000000 08:09 1589838                    /usr/lib/jvm/java-7-openjdk-amd64/jre/lib/amd64/libnio.so
7fe630dfe000-7fe630ffe000 ---p 00010000 08:09 1589838                    /usr/lib/jvm/java-7-openjdk-amd64/jre/lib/amd64/libnio.so
7fe630ffe000-7fe630fff000 r--p 00010000 08:09 1589838                    /usr/lib/jvm/java-7-openjdk-amd64/jre/lib/amd64/libnio.so
7fe630fff000-7fe631000000 rw-p 00011000 08:09 1589838                    /usr/lib/jvm/java-7-openjdk-amd64/jre/lib/amd64/libnio.so
7fe631000000-7fe631270000 rwxp 00000000 00:00 0 
7fe631270000-7fe6341fd000 rw-p 00000000 00:00 0 
7fe6341fd000-7fe638000000 ---p 00000000 00:00 0 
7fe638068000-7fe638099000 rw-p 00000000 00:00 0 
7fe6380b9000-7fe6380c2000 r--s 0008c000 00:1c 1449459                    /home/last-first/AndroidStudioProjects/Project_Fericity/app/build/intermediates/exploded-aar/com.android.support/appcompat-v7/23.4.0/jars/classes.jar
7fe6380c2000-7fe6380c3000 ---p 00000000 00:00 0 
7fe6380c3000-7fe6381c3000 rw-p 00000000 00:00 0                          [stack:18078]
7fe6381c3000-7fe6381c6000 ---p 00000000 00:00 0 
7fe6381c6000-7fe6382c4000 rw-p 00000000 00:00 0                          [stack:18076]
7fe6382c4000-7fe6382c7000 ---p 00000000 00:00 0 
7fe6382c7000-7fe6383c5000 rw-p 00000000 00:00 0                          [stack:18075]
7fe6383c5000-7fe6383c8000 ---p 00000000 00:00 0 
7fe6383c8000-7fe6384c6000 rw-p 00000000 00:00 0                          [stack:18074]
7fe6384c6000-7fe6384c9000 ---p 00000000 00:00 0 
7fe6384c9000-7fe6385c7000 rw-p 00000000 00:00 0                          [stack:18073]
7fe6385c7000-7fe638890000 r--p 00000000 08:09 1450971                    /usr/lib/locale/locale-archive
7fe638890000-7fe638893000 ---p 00000000 00:00 0 
7fe638893000-7fe638991000 rw-p 00000000 00:00 0                          [stack:18071]
7fe638991000-7fe638994000 ---p 00000000 00:00 0 
7fe638994000-7fe638a92000 rw-p 00000000 00:00 0                          [stack:18070]
7fe638a92000-7fe638a93000 ---p 00000000 00:00 0 
7fe638a93000-7fe639b90000 rw-p 00000000 00:00 0                          [stack:18069]
7fe639b90000-7fe639d42000 r--s 01d32000 08:09 1591502                    /usr/lib/jvm/java-7-openjdk-amd64/jre/lib/rt.jar
7fe639d42000-7fe63a0a6000 rw-p 00000000 00:00 0 
7fe63a0a6000-7fe63a0a7000 ---p 00000000 00:00 0 
7fe63a0a7000-7fe63a1a7000 rw-p 00000000 00:00 0                          [stack:18068]
7fe63a1a7000-7fe63a1a8000 ---p 00000000 00:00 0 
7fe63a1a8000-7fe63a2a8000 rw-p 00000000 00:00 0                          [stack:18067]
7fe63a2a8000-7fe63a2a9000 ---p 00000000 00:00 0 
7fe63a2a9000-7fe63a3a9000 rw-p 00000000 00:00 0                          [stack:18066]
7fe63a3a9000-7fe63a3aa000 ---p 00000000 00:00 0 
7fe63a3aa000-7fe63a4b5000 rw-p 00000000 00:00 0                          [stack:18065]
7fe63a4b5000-7fe63a4fd000 rw-p 00000000 00:00 0 
7fe63a4fd000-7fe63a51c000 rw-p 00000000 00:00 0 
7fe63a51c000-7fe63a653000 rw-p 00000000 00:00 0 
7fe63a653000-7fe63a65e000 rw-p 00000000 00:00 0 
7fe63a65e000-7fe63a6a6000 rw-p 00000000 00:00 0 
7fe63a6a6000-7fe63a6c5000 rw-p 00000000 00:00 0 
7fe63a6c5000-7fe63a7fb000 rw-p 00000000 00:00 0 
7fe63a7fb000-7fe63a82f000 rw-p 00000000 00:00 0 
7fe63a82f000-7fe63a8a6000 rw-p 00000000 00:00 0 
7fe63a8a6000-7fe63a8a7000 rw-p 00000000 00:00 0 
7fe63a8a7000-7fe63a8af000 r-xp 00000000 08:09 1589816                    /usr/lib/jvm/java-7-openjdk-amd64/jre/lib/amd64/libzip.so
7fe63a8af000-7fe63aaae000 ---p 00008000 08:09 1589816                    /usr/lib/jvm/java-7-openjdk-amd64/jre/lib/amd64/libzip.so
7fe63aaae000-7fe63aaaf000 r--p 00007000 08:09 1589816                    /usr/lib/jvm/java-7-openjdk-amd64/jre/lib/amd64/libzip.so
7fe63aaaf000-7fe63aab0000 rw-p 00008000 08:09 1589816                    /usr/lib/jvm/java-7-openjdk-amd64/jre/lib/amd64/libzip.so
7fe63aab0000-7fe63aabb000 r-xp 00000000 08:09 394380                     /lib/x86_64-linux-gnu/libnss_files-2.19.so
7fe63aabb000-7fe63acba000 ---p 0000b000 08:09 394380                     /lib/x86_64-linux-gnu/libnss_files-2.19.so
7fe63acba000-7fe63acbb000 r--p 0000a000 08:09 394380                     /lib/x86_64-linux-gnu/libnss_files-2.19.so
7fe63acbb000-7fe63acbc000 rw-p 0000b000 08:09 394380                     /lib/x86_64-linux-gnu/libnss_files-2.19.so
7fe63acbc000-7fe63acc7000 r-xp 00000000 08:09 394343                     /lib/x86_64-linux-gnu/libnss_nis-2.19.so
7fe63acc7000-7fe63aec6000 ---p 0000b000 08:09 394343                     /lib/x86_64-linux-gnu/libnss_nis-2.19.so
7fe63aec6000-7fe63aec7000 r--p 0000a000 08:09 394343                     /lib/x86_64-linux-gnu/libnss_nis-2.19.so
7fe63aec7000-7fe63aec8000 rw-p 0000b000 08:09 394343                     /lib/x86_64-linux-gnu/libnss_nis-2.19.so
7fe63aec8000-7fe63aedf000 r-xp 00000000 08:09 394333                     /lib/x86_64-linux-gnu/libnsl-2.19.so
7fe63aedf000-7fe63b0de000 ---p 00017000 08:09 394333                     /lib/x86_64-linux-gnu/libnsl-2.19.so
7fe63b0de000-7fe63b0df000 r--p 00016000 08:09 394333                     /lib/x86_64-linux-gnu/libnsl-2.19.so
7fe63b0df000-7fe63b0e0000 rw-p 00017000 08:09 394333                     /lib/x86_64-linux-gnu/libnsl-2.19.so
7fe63b0e0000-7fe63b0e2000 rw-p 00000000 00:00 0 
7fe63b0e2000-7fe63b0eb000 r-xp 00000000 08:09 394327                     /lib/x86_64-linux-gnu/libnss_compat-2.19.so
7fe63b0eb000-7fe63b2ea000 ---p 00009000 08:09 394327                     /lib/x86_64-linux-gnu/libnss_compat-2.19.so
7fe63b2ea000-7fe63b2eb000 r--p 00008000 08:09 394327                     /lib/x86_64-linux-gnu/libnss_compat-2.19.so
7fe63b2eb000-7fe63b2ec000 rw-p 00009000 08:09 394327                     /lib/x86_64-linux-gnu/libnss_compat-2.19.so
7fe63b2ec000-7fe63b317000 r-xp 00000000 08:09 1584339                    /usr/lib/jvm/java-7-openjdk-amd64/jre/lib/amd64/libjava.so
7fe63b317000-7fe63b517000 ---p 0002b000 08:09 1584339                    /usr/lib/jvm/java-7-openjdk-amd64/jre/lib/amd64/libjava.so
7fe63b517000-7fe63b518000 r--p 0002b000 08:09 1584339                    /usr/lib/jvm/java-7-openjdk-amd64/jre/lib/amd64/libjava.so
7fe63b518000-7fe63b51a000 rw-p 0002c000 08:09 1584339                    /usr/lib/jvm/java-7-openjdk-amd64/jre/lib/amd64/libjava.so
7fe63b51a000-7fe63b52a000 r-xp 00000000 08:09 1584340                    /usr/lib/jvm/java-7-openjdk-amd64/jre/lib/amd64/libverify.so
7fe63b52a000-7fe63b729000 ---p 00010000 08:09 1584340                    /usr/lib/jvm/java-7-openjdk-amd64/jre/lib/amd64/libverify.so
7fe63b729000-7fe63b72b000 r--p 0000f000 08:09 1584340                    /usr/lib/jvm/java-7-openjdk-amd64/jre/lib/amd64/libverify.so
7fe63b72b000-7fe63b72c000 rw-p 00011000 08:09 1584340                    /usr/lib/jvm/java-7-openjdk-amd64/jre/lib/amd64/libverify.so
7fe63b72c000-7fe63b733000 r-xp 00000000 08:09 394368                     /lib/x86_64-linux-gnu/librt-2.19.so
7fe63b733000-7fe63b932000 ---p 00007000 08:09 394368                     /lib/x86_64-linux-gnu/librt-2.19.so
7fe63b932000-7fe63b933000 r--p 00006000 08:09 394368                     /lib/x86_64-linux-gnu/librt-2.19.so
7fe63b933000-7fe63b934000 rw-p 00007000 08:09 394368                     /lib/x86_64-linux-gnu/librt-2.19.so
7fe63b934000-7fe63b94a000 r-xp 00000000 08:09 394353                     /lib/x86_64-linux-gnu/libgcc_s.so.1
7fe63b94a000-7fe63bb49000 ---p 00016000 08:09 394353                     /lib/x86_64-linux-gnu/libgcc_s.so.1
7fe63bb49000-7fe63bb4a000 rw-p 00015000 08:09 394353                     /lib/x86_64-linux-gnu/libgcc_s.so.1
7fe63bb4a000-7fe63bc4f000 r-xp 00000000 08:09 394318                     /lib/x86_64-linux-gnu/libm-2.19.so
7fe63bc4f000-7fe63be4e000 ---p 00105000 08:09 394318                     /lib/x86_64-linux-gnu/libm-2.19.so
7fe63be4e000-7fe63be4f000 r--p 00104000 08:09 394318                     /lib/x86_64-linux-gnu/libm-2.19.so
7fe63be4f000-7fe63be50000 rw-p 00105000 08:09 394318                     /lib/x86_64-linux-gnu/libm-2.19.so
7fe63be50000-7fe63bf36000 r-xp 00000000 08:09 1442040                    /usr/lib/x86_64-linux-gnu/libstdc++.so.6.0.19
7fe63bf36000-7fe63c135000 ---p 000e6000 08:09 1442040                    /usr/lib/x86_64-linux-gnu/libstdc++.so.6.0.19
7fe63c135000-7fe63c13d000 r--p 000e5000 08:09 1442040                    /usr/lib/x86_64-linux-gnu/libstdc++.so.6.0.19
7fe63c13d000-7fe63c13f000 rw-p 000ed000 08:09 1442040                    /usr/lib/x86_64-linux-gnu/libstdc++.so.6.0.19
7fe63c13f000-7fe63c154000 rw-p 00000000 00:00 0 
7fe63c154000-7fe63cc79000 r-xp 00000000 08:09 1586076                    /usr/lib/jvm/java-7-openjdk-amd64/jre/lib/amd64/server/libjvm.so
7fe63cc79000-7fe63ce79000 ---p 00b25000 08:09 1586076                    /usr/lib/jvm/java-7-openjdk-amd64/jre/lib/amd64/server/libjvm.so
7fe63ce79000-7fe63cf13000 r--p 00b25000 08:09 1586076                    /usr/lib/jvm/java-7-openjdk-amd64/jre/lib/amd64/server/libjvm.so
7fe63cf13000-7fe63cf36000 rw-p 00bbf000 08:09 1586076                    /usr/lib/jvm/java-7-openjdk-amd64/jre/lib/amd64/server/libjvm.so
7fe63cf36000-7fe63cf65000 rw-p 00000000 00:00 0 
7fe63cf65000-7fe63cf7d000 r-xp 00000000 08:09 398031                     /lib/x86_64-linux-gnu/libz.so.1.2.8
7fe63cf7d000-7fe63d17c000 ---p 00018000 08:09 398031                     /lib/x86_64-linux-gnu/libz.so.1.2.8
7fe63d17c000-7fe63d17d000 r--p 00017000 08:09 398031                     /lib/x86_64-linux-gnu/libz.so.1.2.8
7fe63d17d000-7fe63d17e000 rw-p 00018000 08:09 398031                     /lib/x86_64-linux-gnu/libz.so.1.2.8
7fe63d17e000-7fe63d197000 r-xp 00000000 08:09 394334                     /lib/x86_64-linux-gnu/libpthread-2.19.so
7fe63d197000-7fe63d396000 ---p 00019000 08:09 394334                     /lib/x86_64-linux-gnu/libpthread-2.19.so
7fe63d396000-7fe63d397000 r--p 00018000 08:09 394334                     /lib/x86_64-linux-gnu/libpthread-2.19.so
7fe63d397000-7fe63d398000 rw-p 00019000 08:09 394334                     /lib/x86_64-linux-gnu/libpthread-2.19.so
7fe63d398000-7fe63d39c000 rw-p 00000000 00:00 0 
7fe63d39c000-7fe63d39f000 r-xp 00000000 08:09 394320                     /lib/x86_64-linux-gnu/libdl-2.19.so
7fe63d39f000-7fe63d59e000 ---p 00003000 08:09 394320                     /lib/x86_64-linux-gnu/libdl-2.19.so
7fe63d59e000-7fe63d59f000 r--p 00002000 08:09 394320                     /lib/x86_64-linux-gnu/libdl-2.19.so
7fe63d59f000-7fe63d5a0000 rw-p 00003000 08:09 394320                     /lib/x86_64-linux-gnu/libdl-2.19.so
7fe63d5a0000-7fe63d75b000 r-xp 00000000 08:09 394369                     /lib/x86_64-linux-gnu/libc-2.19.so
7fe63d75b000-7fe63d95a000 ---p 001bb000 08:09 394369                     /lib/x86_64-linux-gnu/libc-2.19.so
7fe63d95a000-7fe63d95e000 r--p 001ba000 08:09 394369                     /lib/x86_64-linux-gnu/libc-2.19.so
7fe63d95e000-7fe63d960000 rw-p 001be000 08:09 394369                     /lib/x86_64-linux-gnu/libc-2.19.so
7fe63d960000-7fe63d965000 rw-p 00000000 00:00 0 
7fe63d965000-7fe63d972000 r-xp 00000000 08:09 1589835                    /usr/lib/jvm/java-7-openjdk-amd64/jre/lib/amd64/jli/libjli.so
7fe63d972000-7fe63db71000 ---p 0000d000 08:09 1589835                    /usr/lib/jvm/java-7-openjdk-amd64/jre/lib/amd64/jli/libjli.so
7fe63db71000-7fe63db72000 r--p 0000c000 08:09 1589835                    /usr/lib/jvm/java-7-openjdk-amd64/jre/lib/amd64/jli/libjli.so
7fe63db72000-7fe63db73000 rw-p 0000d000 08:09 1589835                    /usr/lib/jvm/java-7-openjdk-amd64/jre/lib/amd64/jli/libjli.so
7fe63db73000-7fe63db96000 r-xp 00000000 08:09 394339                     /lib/x86_64-linux-gnu/ld-2.19.so
7fe63db9e000-7fe63dbad000 r--s 000df000 00:1c 1195652                    /home/last-first/Android/Sdk/build-tools/23.0.3/lib/dx.jar
7fe63dbad000-7fe63dbb7000 rw-p 00000000 00:00 0 
7fe63dbb7000-7fe63dc6d000 rw-p 00000000 00:00 0 
7fe63dc6d000-7fe63dc70000 ---p 00000000 00:00 0 
7fe63dc70000-7fe63dd73000 rw-p 00000000 00:00 0                          [stack:18064]
7fe63dd74000-7fe63dd75000 rw-p 00000000 00:00 0 
7fe63dd75000-7fe63dd78000 r--s 0000f000 08:09 1594116                    /usr/lib/jvm/java-7-openjdk-amd64/jre/lib/ext/icedtea-sound.jar
7fe63dd78000-7fe63dd7c000 r--s 00034000 08:09 1594115                    /usr/lib/jvm/java-7-openjdk-amd64/jre/lib/ext/sunjce_provider.jar
7fe63dd7c000-7fe63dd7e000 r--s 00012000 08:09 1594114                    /usr/lib/jvm/java-7-openjdk-amd64/jre/lib/ext/zipfs.jar
7fe63dd7e000-7fe63dd7f000 r--s 00002000 08:09 1594113                    /usr/lib/jvm/java-7-openjdk-amd64/jre/lib/ext/dnsns.jar
7fe63dd7f000-7fe63dd81000 r--s 00006000 08:09 1848721                    /usr/share/java/java-atk-wrapper.jar
7fe63dd81000-7fe63dd85000 r--s 00085000 08:09 1594117                    /usr/lib/jvm/java-7-openjdk-amd64/jre/lib/ext/localedata.jar
7fe63dd85000-7fe63dd89000 r--s 0003c000 08:09 1594118                    /usr/lib/jvm/java-7-openjdk-amd64/jre/lib/ext/sunpkcs11.jar
7fe63dd89000-7fe63dd91000 rw-s 00000000 08:09 529763                     /tmp/hsperfdata_last-first/18060
7fe63dd91000-7fe63dd92000 rw-p 00000000 00:00 0 
7fe63dd92000-7fe63dd93000 ---p 00000000 00:00 0 
7fe63dd93000-7fe63dd95000 rw-p 00000000 00:00 0 
7fe63dd95000-7fe63dd96000 r--p 00022000 08:09 394339                     /lib/x86_64-linux-gnu/ld-2.19.so
7fe63dd96000-7fe63dd97000 rw-p 00023000 08:09 394339                     /lib/x86_64-linux-gnu/ld-2.19.so
7fe63dd97000-7fe63dd98000 rw-p 00000000 00:00 0 
7ffe3cbba000-7ffe3cbdb000 rw-p 00000000 00:00 0                          [stack]
7ffe3cbee000-7ffe3cbf0000 r--p 00000000 00:00 0                          [vvar]
7ffe3cbf0000-7ffe3cbf2000 r-xp 00000000 00:00 0                          [vdso]
ffffffffff600000-ffffffffff601000 r-xp 00000000 00:00 0                  [vsyscall]

VM Arguments:
jvm_args: -Djava.awt.headless=true -Xmx1024M -Dfile.encoding=UTF-8 -Duser.country=PH -Duser.language=en -Duser.variant 
java_command: com.android.dx.command.Main --dex --num-threads=4 --output /home/last-first/AndroidStudioProjects/Project_Fericity/app/build/intermediates/pre-dexed/debug/com.android.support-appcompat-v7-23.4.0_4cd95ea4dfb3fbf40a07a29fd661cb2597057de2.jar /home/last-first/AndroidStudioProjects/Project_Fericity/app/build/intermediates/exploded-aar/com.android.support/appcompat-v7/23.4.0/jars/classes.jar
Launcher Type: SUN_STANDARD

Environment Variables:
PATH=/usr/local/heroku/bin:/usr/local/sbin:/usr/local/bin:/usr/sbin:/usr/bin:/sbin:/bin:/usr/games:/usr/local/games
USERNAME=last-first
LD_LIBRARY_PATH=/opt/android-studio/bin:
SHELL=/bin/bash
DISPLAY=:0

Signal Handlers:
SIGSEGV: [libjvm.so+0x9561e0], sa_mask[0]=0x7ffbfeff, sa_flags=0x10000004
SIGBUS: [libjvm.so+0x9561e0], sa_mask[0]=0x7ffbfeff, sa_flags=0x10000004
SIGFPE: [libjvm.so+0x7cc4d0], sa_mask[0]=0x7ffbfeff, sa_flags=0x10000004
SIGPIPE: [libjvm.so+0x7cc4d0], sa_mask[0]=0x7ffbfeff, sa_flags=0x10000004
SIGXFSZ: [libjvm.so+0x7cc4d0], sa_mask[0]=0x7ffbfeff, sa_flags=0x10000004
SIGILL: [libjvm.so+0x7cc4d0], sa_mask[0]=0x7ffbfeff, sa_flags=0x10000004
SIGUSR1: SIG_DFL, sa_mask[0]=0x00000000, sa_flags=0x00000000
SIGUSR2: [libjvm.so+0x7cc370], sa_mask[0]=0x00000004, sa_flags=0x10000004
SIGHUP: [libjvm.so+0x7cc550], sa_mask[0]=0x7ffbfeff, sa_flags=0x10000004
SIGINT: SIG_IGN, sa_mask[0]=0x00000000, sa_flags=0x00000000
SIGTERM: [libjvm.so+0x7cc550], sa_mask[0]=0x7ffbfeff, sa_flags=0x10000004
SIGQUIT: [libjvm.so+0x7cc550], sa_mask[0]=0x7ffbfeff, sa_flags=0x10000004
SIGTRAP: SIG_DFL, sa_mask[0]=0x00000000, sa_flags=0x00000000


---------------  S Y S T E M  ---------------

OS:LinuxMint 17.3 (rosa)
uname:Linux 3.19.0-32-generic #37~14.04.1-Ubuntu SMP Thu Oct 22 09:41:40 UTC 2015 x86_64
libc:glibc 2.19 NPTL 2.19 
rlimit: STACK 8192k, CORE 0k, NPROC 22195, NOFILE 4096, AS infinity
load average:10.79 2.70 1.11

/proc/meminfo:
MemTotal:        6020328 kB
MemFree:          109552 kB
MemAvailable:      66352 kB
Buffers:             764 kB
Cached:          1164260 kB
SwapCached:            0 kB
Active:          4608560 kB
Inactive:        1086220 kB
Active(anon):    4605176 kB
Inactive(anon):  1052300 kB
Active(file):       3384 kB
Inactive(file):    33920 kB
Unevictable:          16 kB
Mlocked:              16 kB
SwapTotal:             0 kB
SwapFree:              0 kB
Dirty:               664 kB
Writeback:             0 kB
AnonPages:       4530208 kB
Mapped:           793596 kB
Shmem:           1127284 kB
Slab:              89984 kB
SReclaimable:      45232 kB
SUnreclaim:        44752 kB
KernelStack:       13024 kB
PageTables:        47540 kB
NFS_Unstable:          0 kB
Bounce:                0 kB
WritebackTmp:          0 kB
CommitLimit:     3010164 kB
Committed_AS:   11276172 kB
VmallocTotal:   34359738367 kB
VmallocUsed:      386784 kB
VmallocChunk:   34359317944 kB
HardwareCorrupted:     0 kB
AnonHugePages:   2265088 kB
CmaTotal:              0 kB
CmaFree:               0 kB
HugePages_Total:       0
HugePages_Free:        0
HugePages_Rsvd:        0
HugePages_Surp:        0
Hugepagesize:       2048 kB
DirectMap4k:      160596 kB
DirectMap2M:     6039552 kB
DirectMap1G:           0 kB


CPU:total 4 (2 cores per cpu, 2 threads per core) family 6 model 61 stepping 4, cmov, cx8, fxsr, mmx, sse, sse2, sse3, ssse3, sse4.1, sse4.2, popcnt, avx, avx2, aes, erms, ht, tsc, tscinvbit

/proc/cpuinfo:
processor	: 0
vendor_id	: GenuineIntel
cpu family	: 6
model		: 61
model name	: Intel(R) Core(TM) i5-5200U CPU @ 2.20GHz
stepping	: 4
microcode	: 0x22
cpu MHz		: 2158.664
cache size	: 3072 KB
physical id	: 0
siblings	: 4
core id		: 0
cpu cores	: 2
apicid		: 0
initial apicid	: 0
fpu		: yes
fpu_exception	: yes
cpuid level	: 20
wp		: yes
flags		: fpu vme de pse tsc msr pae mce cx8 apic sep mtrr pge mca cmov pat pse36 clflush dts acpi mmx fxsr sse sse2 ss ht tm pbe syscall nx pdpe1gb rdtscp lm constant_tsc arch_perfmon pebs bts rep_good nopl xtopology nonstop_tsc aperfmperf eagerfpu pni pclmulqdq dtes64 monitor ds_cpl vmx est tm2 ssse3 fma cx16 xtpr pdcm pcid sse4_1 sse4_2 x2apic movbe popcnt tsc_deadline_timer aes xsave avx f16c rdrand lahf_lm abm 3dnowprefetch ida arat epb pln pts dtherm tpr_shadow vnmi flexpriority ept vpid fsgsbase tsc_adjust bmi1 avx2 smep bmi2 erms invpcid rdseed adx smap xsaveopt
bugs		:
bogomips	: 4389.55
clflush size	: 64
cache_alignment	: 64
address sizes	: 39 bits physical, 48 bits virtual
power management:

processor	: 1
vendor_id	: GenuineIntel
cpu family	: 6
model		: 61
model name	: Intel(R) Core(TM) i5-5200U CPU @ 2.20GHz
stepping	: 4
microcode	: 0x22
cpu MHz		: 806.179
cache size	: 3072 KB
physical id	: 0
siblings	: 4
core id		: 1
cpu cores	: 2
apicid		: 2
initial apicid	: 2
fpu		: yes
fpu_exception	: yes
cpuid level	: 20
wp		: yes
flags		: fpu vme de pse tsc msr pae mce cx8 apic sep mtrr pge mca cmov pat pse36 clflush dts acpi mmx fxsr sse sse2 ss ht tm pbe syscall nx pdpe1gb rdtscp lm constant_tsc arch_perfmon pebs bts rep_good nopl xtopology nonstop_tsc aperfmperf eagerfpu pni pclmulqdq dtes64 monitor ds_cpl vmx est tm2 ssse3 fma cx16 xtpr pdcm pcid sse4_1 sse4_2 x2apic movbe popcnt tsc_deadline_timer aes xsave avx f16c rdrand lahf_lm abm 3dnowprefetch ida arat epb pln pts dtherm tpr_shadow vnmi flexpriority ept vpid fsgsbase tsc_adjust bmi1 avx2 smep bmi2 erms invpcid rdseed adx smap xsaveopt
bugs		:
bogomips	: 4389.55
clflush size	: 64
cache_alignment	: 64
address sizes	: 39 bits physical, 48 bits virtual
power management:

processor	: 2
vendor_id	: GenuineIntel
cpu family	: 6
model		: 61
model name	: Intel(R) Core(TM) i5-5200U CPU @ 2.20GHz
stepping	: 4
microcode	: 0x22
cpu MHz		: 787.531
cache size	: 3072 KB
physical id	: 0
siblings	: 4
core id		: 0
cpu cores	: 2
apicid		: 1
initial apicid	: 1
fpu		: yes
fpu_exception	: yes
cpuid level	: 20
wp		: yes
flags		: fpu vme de pse tsc msr pae mce cx8 apic sep mtrr pge mca cmov pat pse36 clflush dts acpi mmx fxsr sse sse2 ss ht tm pbe syscall nx pdpe1gb rdtscp lm constant_tsc arch_perfmon pebs bts rep_good nopl xtopology nonstop_tsc aperfmperf eagerfpu pni pclmulqdq dtes64 monitor ds_cpl vmx est tm2 ssse3 fma cx16 xtpr pdcm pcid sse4_1 sse4_2 x2apic movbe popcnt tsc_deadline_timer aes xsave avx f16c rdrand lahf_lm abm 3dnowprefetch ida arat epb pln pts dtherm tpr_shadow vnmi flexpriority ept vpid fsgsbase tsc_adjust bmi1 avx2 smep bmi2 erms invpcid rdseed adx smap xsaveopt
bugs		:
bogomips	: 4389.55
clflush size	: 64
cache_alignment	: 64
address sizes	: 39 bits physical, 48 bits virtual
power management:

processor	: 3
vendor_id	: GenuineIntel
cpu family	: 6
model		: 61
model name	: Intel(R) Core(TM) i5-5200U CPU @ 2.20GHz
stepping	: 4
microcode	: 0x22
cpu MHz		: 1174.335
cache size	: 3072 KB
physical id	: 0
siblings	: 4
core id		: 1
cpu cores	: 2
apicid		: 3
initial apicid	: 3
fpu		: yes
fpu_exception	: yes
cpuid level	: 20
wp		: yes
flags		: fpu vme de pse tsc msr pae mce cx8 apic sep mtrr pge mca cmov pat pse36 clflush dts acpi mmx fxsr sse sse2 ss ht tm pbe syscall nx pdpe1gb rdtscp lm constant_tsc arch_perfmon pebs bts rep_good nopl xtopology nonstop_tsc aperfmperf eagerfpu pni pclmulqdq dtes64 monitor ds_cpl vmx est tm2 ssse3 fma cx16 xtpr pdcm pcid sse4_1 sse4_2 x2apic movbe popcnt tsc_deadline_timer aes xsave avx f16c rdrand lahf_lm abm 3dnowprefetch ida arat epb pln pts dtherm tpr_shadow vnmi flexpriority ept vpid fsgsbase tsc_adjust bmi1 avx2 smep bmi2 erms invpcid rdseed adx smap xsaveopt
bugs		:
bogomips	: 4389.55
clflush size	: 64
cache_alignment	: 64
address sizes	: 39 bits physical, 48 bits virtual
power management:



Memory: 4k page, physical 6020328k(109552k free), swap 0k(0k free)

vm_info: OpenJDK 64-Bit Server VM (24.95-b01) for linux-amd64 JRE (1.7.0_101-b00), built on Apr 24 2016 20:39:29 by "buildd" with gcc 4.8.2

time: Sat May 21 02:58:15 2016
elapsed time: 27 seconds

