#
# There is insufficient memory for the Java Runtime Environment to continue.
# Native memory allocation (malloc) failed to allocate 114294784 bytes for committing reserved memory.
# Possible reasons:
#   The system is out of physical RAM or swap space
#   In 32 bit mode, the process size limit was hit
# Possible solutions:
#   Reduce memory load on the system
#   Increase physical memory or swap space
#   Check if swap backing store is full
#   Use 64 bit Java on a 64 bit OS
#   Decrease Java heap size (-Xmx/-Xms)
#   Decrease number of Java threads
#   Decrease Java thread stack sizes (-Xss)
#   Set larger code cache with -XX:ReservedCodeCacheSize=
# This output file may be truncated or incomplete.
#
#  Out of Memory Error (os_linux.cpp:2827), pid=18501, tid=140647452161792
#
# JRE version: OpenJDK Runtime Environment (7.0_101) (build 1.7.0_101-b00)
# Java VM: OpenJDK 64-Bit Server VM (24.95-b01 mixed mode linux-amd64 compressed oops)
# Derivative: IcedTea 2.6.6
# Distribution: Ubuntu 14.04 LTS, package 7u101-2.6.6-0ubuntu0.14.04.1
# Failed to write core dump. Core dumps have been disabled. To enable core dumping, try "ulimit -c unlimited" before starting Java again
#

---------------  T H R E A D  ---------------

Current thread (0x00007feb1c076000):  VMThread [stack: 0x00007feb095cb000,0x00007feb096cc000] [id=18527]

Stack: [0x00007feb095cb000,0x00007feb096cc000],  sp=0x00007feb096ca490,  free space=1021k
Native frames: (J=compiled Java code, j=interpreted, Vv=VM code, C=native code)
V  [libjvm.so+0x955705]
V  [libjvm.so+0x490c44]
V  [libjvm.so+0x7d0c9b]
V  [libjvm.so+0x7cb75f]
V  [libjvm.so+0x83ee5b]
V  [libjvm.so+0x83fcc0]
V  [libjvm.so+0x8403ab]
V  [libjvm.so+0x83c5e8]
V  [libjvm.so+0x83ce58]
V  [libjvm.so+0x7f34a3]
V  [libjvm.so+0x957104]
V  [libjvm.so+0x95b207]
V  [libjvm.so+0x959cc8]
V  [libjvm.so+0x95a129]
V  [libjvm.so+0x95a572]
V  [libjvm.so+0x7cdb62]

VM_Operation (0x00007feae2f6ada0): ParallelGCFailedAllocation, mode: safepoint, requested by thread 0x00007feb1c1b6000


---------------  P R O C E S S  ---------------

Java Threads: ( => current thread )
  0x00007feb1c1b6000 JavaThread "pool-1-thread-4" [_thread_blocked, id=18576, stack(0x00007feae2e6c000,0x00007feae2f6d000)]
  0x00007feb1c1b4000 JavaThread "pool-1-thread-3" [_thread_blocked, id=18575, stack(0x00007feae2f6d000,0x00007feae306e000)]
  0x00007feb1c1b1000 JavaThread "pool-1-thread-2" [_thread_blocked, id=18572, stack(0x00007feae306e000,0x00007feae316f000)]
  0x00007feb1c1ad800 JavaThread "pool-2-thread-1" [_thread_blocked, id=18571, stack(0x00007feae316f000,0x00007feae3270000)]
  0x00007feb1c1a2000 JavaThread "pool-1-thread-1" [_thread_blocked, id=18562, stack(0x00007feb080bb000,0x00007feb081bc000)]
  0x00007feb1c0b0800 JavaThread "Service Thread" daemon [_thread_blocked, id=18542, stack(0x00007feb08cfc000,0x00007feb08dfd000)]
  0x00007feb1c0ae000 JavaThread "C2 CompilerThread1" daemon [_thread_blocked, id=18541, stack(0x00007feb08dfd000,0x00007feb08efe000)]
  0x00007feb1c0ab000 JavaThread "C2 CompilerThread0" daemon [_thread_blocked, id=18540, stack(0x00007feb08efe000,0x00007feb08fff000)]
  0x00007feb1c0a9000 JavaThread "Signal Dispatcher" daemon [_thread_blocked, id=18539, stack(0x00007feb08fff000,0x00007feb09100000)]
  0x00007feb1c07c800 JavaThread "Finalizer" daemon [_thread_blocked, id=18538, stack(0x00007feb093c9000,0x00007feb094ca000)]
  0x00007feb1c07a800 JavaThread "Reference Handler" daemon [_thread_blocked, id=18532, stack(0x00007feb094ca000,0x00007feb095cb000)]
  0x00007feb1c00a800 JavaThread "main" [_thread_blocked, id=18509, stack(0x00007feb23cf0000,0x00007feb23df1000)]

Other Threads:
=>0x00007feb1c076000 VMThread [stack: 0x00007feb095cb000,0x00007feb096cc000] [id=18527]
  0x00007feb1c0bb800 WatcherThread [stack: 0x00007feb08bfb000,0x00007feb08cfc000] [id=18543]

VM state:at safepoint (normal execution)

VM Mutex/Monitor currently owned by a thread:  ([mutex/lock_event])
[0x00007feb1c006ae0] Threads_lock - owner thread: 0x00007feb1c076000
[0x00007feb1c006fe0] Heap_lock - owner thread: 0x00007feb1c1b6000

Heap
 PSYoungGen      total 111616K, used 14821K [0x00000000eaa80000, 0x00000000f2780000, 0x0000000100000000)
  eden space 96768K, 0% used [0x00000000eaa80000,0x00000000eaa80000,0x00000000f0900000)
  from space 14848K, 99% used [0x00000000f0900000,0x00000000f1779400,0x00000000f1780000)
  to   space 13312K, 0% used [0x00000000f1780000,0x00000000f1780000,0x00000000f2480000)
 ParOldGen       total 62464K, used 31327K [0x00000000c0000000, 0x00000000c3d00000, 0x00000000eaa80000)
  object space 62464K, 50% used [0x00000000c0000000,0x00000000c1e97d90,0x00000000c3d00000)
 PSPermGen       total 21504K, used 6407K [0x00000000b5a00000, 0x00000000b6f00000, 0x00000000c0000000)
  object space 21504K, 29% used [0x00000000b5a00000,0x00000000b6041d30,0x00000000b6f00000)

Card table byte_map: [0x00007feb206d6000,0x00007feb2092a000] byte_map_base: 0x00007feb20129000

Polling page: 0x00007feb23e15000

Code Cache  [0x00007feb19000000, 0x00007feb19270000, 0x00007feb1c000000)
 total_blobs=529 nmethods=298 adapters=184 free_code_cache=47741Kb largest_free_block=48789248

Compilation events (10 events):
Event: 15.432 Thread 0x00007feb1c0ae000 nmethod 305 0x00007feb190f9690 code [0x00007feb190f9800, 0x00007feb190f9a58]
Event: 15.432 Thread 0x00007feb1c0ae000  306             java.util.Collections$UnmodifiableCollection::iterator (9 bytes)
Event: 15.444 Thread 0x00007feb1c0ae000 nmethod 306 0x00007feb19120f90 code [0x00007feb19121100, 0x00007feb19121398]
Event: 15.444 Thread 0x00007feb1c0ae000  307   !         com.android.dx.cf.cst.ConstantPoolParser::parse0 (731 bytes)
Event: 15.532 Thread 0x00007feb1c0ab000 nmethod 285 0x00007feb191607d0 code [0x00007feb19161020, 0x00007feb19166a08]
Event: 15.532 Thread 0x00007feb1c0ab000  308             com.android.dx.rop.code.BasicBlockList$RegCountVisitor::visitPlainInsn (6 bytes)
Event: 15.537 Thread 0x00007feb1c0ab000 nmethod 308 0x00007feb190ab310 code [0x00007feb190ab480, 0x00007feb190ab758]
Event: 15.537 Thread 0x00007feb1c0ab000  309             com.android.dx.ssa.Dominators::eval (29 bytes)
Event: 15.756 Thread 0x00007feb1c0ab000 nmethod 309 0x00007feb1911a0d0 code [0x00007feb1911a3a0, 0x00007feb1911b950]
Event: 15.756 Thread 0x00007feb1c0ab000  310             com.android.dx.cf.code.Ropper::addExceptionSetupBlocks (203 bytes)

GC Heap History (10 events):
Event: 3.004 GC heap after
Heap after GC invocations=2 (full 0):
 PSYoungGen      total 28160K, used 3583K [0x00000000eaa80000, 0x00000000ec980000, 0x0000000100000000)
  eden space 24576K, 0% used [0x00000000eaa80000,0x00000000eaa80000,0x00000000ec280000)
  from space 3584K, 99% used [0x00000000ec600000,0x00000000ec97fe78,0x00000000ec980000)
  to   space 3584K, 0% used [0x00000000ec280000,0x00000000ec280000,0x00000000ec600000)
 ParOldGen       total 62464K, used 2782K [0x00000000c0000000, 0x00000000c3d00000, 0x00000000eaa80000)
  object space 62464K, 4% used [0x00000000c0000000,0x00000000c02b7968,0x00000000c3d00000)
 PSPermGen       total 21504K, used 6207K [0x00000000b5a00000, 0x00000000b6f00000, 0x00000000c0000000)
  object space 21504K, 28% used [0x00000000b5a00000,0x00000000b600fe80,0x00000000b6f00000)
}
Event: 4.424 GC heap before
{Heap before GC invocations=3 (full 0):
 PSYoungGen      total 28160K, used 28159K [0x00000000eaa80000, 0x00000000ec980000, 0x0000000100000000)
  eden space 24576K, 100% used [0x00000000eaa80000,0x00000000ec280000,0x00000000ec280000)
  from space 3584K, 99% used [0x00000000ec600000,0x00000000ec97fe78,0x00000000ec980000)
  to   space 3584K, 0% used [0x00000000ec280000,0x00000000ec280000,0x00000000ec600000)
 ParOldGen       total 62464K, used 2782K [0x00000000c0000000, 0x00000000c3d00000, 0x00000000eaa80000)
  object space 62464K, 4% used [0x00000000c0000000,0x00000000c02b7968,0x00000000c3d00000)
 PSPermGen       total 21504K, used 6275K [0x00000000b5a00000, 0x00000000b6f00000, 0x00000000c0000000)
  object space 21504K, 29% used [0x00000000b5a00000,0x00000000b6020c68,0x00000000b6f00000)
Event: 4.455 GC heap after
Heap after GC invocations=3 (full 0):
 PSYoungGen      total 28160K, used 3582K [0x00000000eaa80000, 0x00000000ee180000, 0x0000000100000000)
  eden space 24576K, 0% used [0x00000000eaa80000,0x00000000eaa80000,0x00000000ec280000)
  from space 3584K, 99% used [0x00000000ec280000,0x00000000ec5ffb18,0x00000000ec600000)
  to   space 3584K, 0% used [0x00000000ede00000,0x00000000ede00000,0x00000000ee180000)
 ParOldGen       total 62464K, used 6769K [0x00000000c0000000, 0x00000000c3d00000, 0x00000000eaa80000)
  object space 62464K, 10% used [0x00000000c0000000,0x00000000c069c768,0x00000000c3d00000)
 PSPermGen       total 21504K, used 6275K [0x00000000b5a00000, 0x00000000b6f00000, 0x00000000c0000000)
  object space 21504K, 29% used [0x00000000b5a00000,0x00000000b6020c68,0x00000000b6f00000)
}
Event: 6.054 GC heap before
{Heap before GC invocations=4 (full 0):
 PSYoungGen      total 28160K, used 28158K [0x00000000eaa80000, 0x00000000ee180000, 0x0000000100000000)
  eden space 24576K, 100% used [0x00000000eaa80000,0x00000000ec280000,0x00000000ec280000)
  from space 3584K, 99% used [0x00000000ec280000,0x00000000ec5ffb18,0x00000000ec600000)
  to   space 3584K, 0% used [0x00000000ede00000,0x00000000ede00000,0x00000000ee180000)
 ParOldGen       total 62464K, used 6769K [0x00000000c0000000, 0x00000000c3d00000, 0x00000000eaa80000)
  object space 62464K, 10% used [0x00000000c0000000,0x00000000c069c768,0x00000000c3d00000)
 PSPermGen       total 21504K, used 6293K [0x00000000b5a00000, 0x00000000b6f00000, 0x00000000c0000000)
  object space 21504K, 29% used [0x00000000b5a00000,0x00000000b60256c0,0x00000000b6f00000)
Event: 6.125 GC heap after
Heap after GC invocations=4 (full 0):
 PSYoungGen      total 52736K, used 3553K [0x00000000eaa80000, 0x00000000ee180000, 0x0000000100000000)
  eden space 49152K, 0% used [0x00000000eaa80000,0x00000000eaa80000,0x00000000eda80000)
  from space 3584K, 99% used [0x00000000ede00000,0x00000000ee1785d8,0x00000000ee180000)
  to   space 3584K, 0% used [0x00000000eda80000,0x00000000eda80000,0x00000000ede00000)
 ParOldGen       total 62464K, used 11467K [0x00000000c0000000, 0x00000000c3d00000, 0x00000000eaa80000)
  object space 62464K, 18% used [0x00000000c0000000,0x00000000c0b32dc8,0x00000000c3d00000)
 PSPermGen       total 21504K, used 6293K [0x00000000b5a00000, 0x00000000b6f00000, 0x00000000c0000000)
  object space 21504K, 29% used [0x00000000b5a00000,0x00000000b60256c0,0x00000000b6f00000)
}
Event: 9.310 GC heap before
{Heap before GC invocations=5 (full 0):
 PSYoungGen      total 52736K, used 52705K [0x00000000eaa80000, 0x00000000ee180000, 0x0000000100000000)
  eden space 49152K, 100% used [0x00000000eaa80000,0x00000000eda80000,0x00000000eda80000)
  from space 3584K, 99% used [0x00000000ede00000,0x00000000ee1785d8,0x00000000ee180000)
  to   space 3584K, 0% used [0x00000000eda80000,0x00000000eda80000,0x00000000ede00000)
 ParOldGen       total 62464K, used 11467K [0x00000000c0000000, 0x00000000c3d00000, 0x00000000eaa80000)
  object space 62464K, 18% used [0x00000000c0000000,0x00000000c0b32dc8,0x00000000c3d00000)
 PSPermGen       total 21504K, used 6326K [0x00000000b5a00000, 0x00000000b6f00000, 0x00000000c0000000)
  object space 21504K, 29% used [0x00000000b5a00000,0x00000000b602da40,0x00000000b6f00000)
Event: 9.467 GC heap after
Heap after GC invocations=5 (full 0):
 PSYoungGen      total 52736K, used 3553K [0x00000000eaa80000, 0x00000000f2480000, 0x0000000100000000)
  eden space 49152K, 0% used [0x00000000eaa80000,0x00000000eaa80000,0x00000000eda80000)
  from space 3584K, 99% used [0x00000000eda80000,0x00000000eddf85d8,0x00000000ede00000)
  to   space 13312K, 0% used [0x00000000f1780000,0x00000000f1780000,0x00000000f2480000)
 ParOldGen       total 62464K, used 19441K [0x00000000c0000000, 0x00000000c3d00000, 0x00000000eaa80000)
  object space 62464K, 31% used [0x00000000c0000000,0x00000000c12fc4a8,0x00000000c3d00000)
 PSPermGen       total 21504K, used 6326K [0x00000000b5a00000, 0x00000000b6f00000, 0x00000000c0000000)
  object space 21504K, 29% used [0x00000000b5a00000,0x00000000b602da40,0x00000000b6f00000)
}
Event: 12.074 GC heap before
{Heap before GC invocations=6 (full 0):
 PSYoungGen      total 52736K, used 52705K [0x00000000eaa80000, 0x00000000f2480000, 0x0000000100000000)
  eden space 49152K, 100% used [0x00000000eaa80000,0x00000000eda80000,0x00000000eda80000)
  from space 3584K, 99% used [0x00000000eda80000,0x00000000eddf85d8,0x00000000ede00000)
  to   space 13312K, 0% used [0x00000000f1780000,0x00000000f1780000,0x00000000f2480000)
 ParOldGen       total 62464K, used 19441K [0x00000000c0000000, 0x00000000c3d00000, 0x00000000eaa80000)
  object space 62464K, 31% used [0x00000000c0000000,0x00000000c12fc4a8,0x00000000c3d00000)
 PSPermGen       total 21504K, used 6365K [0x00000000b5a00000, 0x00000000b6f00000, 0x00000000c0000000)
  object space 21504K, 29% used [0x00000000b5a00000,0x00000000b6037700,0x00000000b6f00000)
Event: 12.191 GC heap after
Heap after GC invocations=6 (full 0):
 PSYoungGen      total 110080K, used 11617K [0x00000000eaa80000, 0x00000000f2780000, 0x0000000100000000)
  eden space 96768K, 0% used [0x00000000eaa80000,0x00000000eaa80000,0x00000000f0900000)
  from space 13312K, 87% used [0x00000000f1780000,0x00000000f22d85d8,0x00000000f2480000)
  to   space 14848K, 0% used [0x00000000f0900000,0x00000000f0900000,0x00000000f1780000)
 ParOldGen       total 62464K, used 19441K [0x00000000c0000000, 0x00000000c3d00000, 0x00000000eaa80000)
  object space 62464K, 31% used [0x00000000c0000000,0x00000000c12fc4a8,0x00000000c3d00000)
 PSPermGen       total 21504K, used 6365K [0x00000000b5a00000, 0x00000000b6f00000, 0x00000000c0000000)
  object space 21504K, 29% used [0x00000000b5a00000,0x00000000b6037700,0x00000000b6f00000)
}
Event: 15.771 GC heap before
{Heap before GC invocations=7 (full 0):
 PSYoungGen      total 110080K, used 108385K [0x00000000eaa80000, 0x00000000f2780000, 0x0000000100000000)
  eden space 96768K, 100% used [0x00000000eaa80000,0x00000000f0900000,0x00000000f0900000)
  from space 13312K, 87% used [0x00000000f1780000,0x00000000f22d85d8,0x00000000f2480000)
  to   space 14848K, 0% used [0x00000000f0900000,0x00000000f0900000,0x00000000f1780000)
 ParOldGen       total 62464K, used 19441K [0x00000000c0000000, 0x00000000c3d00000, 0x00000000eaa80000)
  object space 62464K, 31% used [0x00000000c0000000,0x00000000c12fc4a8,0x00000000c3d00000)
 PSPermGen       total 21504K, used 6407K [0x00000000b5a00000, 0x00000000b6f00000, 0x00000000c0000000)
  object space 21504K, 29% used [0x00000000b5a00000,0x00000000b6041d30,0x00000000b6f00000)

Deoptimization events (10 events):
Event: 4.070 Thread 0x00007feb1c1a2000 Uncommon trap: reason=unstable_if action=reinterpret pc=0x00007feb190941f4 method=com.android.dx.util.IntList.binarysearch(I)I @ 105
Event: 4.503 Thread 0x00007feb1c1b6000 Uncommon trap: reason=unstable_if action=reinterpret pc=0x00007feb190b9324 method=com.android.dx.ssa.LocalVariableExtractor.processBlock(I)V @ 251
Event: 4.851 Thread 0x00007feb1c1a2000 Uncommon trap: reason=class_check action=maybe_recompile pc=0x00007feb190ab3e4 method=java.util.HashMap.put(Ljava/lang/Object;Ljava/lang/Object;)Ljava/lang/Object; @ 83
Event: 4.851 Thread 0x00007feb1c1a2000 Uncommon trap: reason=class_check action=maybe_recompile pc=0x00007feb190ab3e4 method=java.util.HashMap.put(Ljava/lang/Object;Ljava/lang/Object;)Ljava/lang/Object; @ 83
Event: 4.851 Thread 0x00007feb1c1a2000 Uncommon trap: reason=class_check action=maybe_recompile pc=0x00007feb190ab3e4 method=java.util.HashMap.put(Ljava/lang/Object;Ljava/lang/Object;)Ljava/lang/Object; @ 83
Event: 4.851 Thread 0x00007feb1c1a2000 Uncommon trap: reason=class_check action=maybe_recompile pc=0x00007feb190ab3e4 method=java.util.HashMap.put(Ljava/lang/Object;Ljava/lang/Object;)Ljava/lang/Object; @ 83
Event: 5.058 Thread 0x00007feb1c1b1000 Uncommon trap: reason=null_check action=make_not_entrant pc=0x00007feb190ca274 method=com.android.dx.ssa.SsaRenamer.getLocalForNewReg(I)Lcom/android/dx/rop/code/LocalItem; @ 19
Event: 11.377 Thread 0x00007feb1c1b4000 Uncommon trap: reason=unstable_if action=reinterpret pc=0x00007feb190de910 method=com.android.dx.ssa.SCCP.simulateBranch(Lcom/android/dx/ssa/SsaInsn;)V @ 548
Event: 13.595 Thread 0x00007feb1c1b6000 Uncommon trap: reason=null_check action=make_not_entrant pc=0x00007feb19129148 method=com.android.dx.cf.code.Ropper$CatchInfo.getSetup(Lcom/android/dx/rop/type/Type;)Lcom/android/dx/cf/code/Ropper$ExceptionHandlerSetup; @ 10
Event: 15.686 Thread 0x00007feb1c1b6000 Uncommon trap: reason=unstable_if action=reinterpret pc=0x00007feb190eee8c method=com.android.dx.ssa.Dominators.run()V @ 346

Internal exceptions (10 events):
Event: 1.875 Thread 0x00007feb1c1b6000 Implicit null exception at 0x00007feb1908133b to 0x00007feb1908174d
Event: 2.044 Thread 0x00007feb1c1b1000 Threw 0x00000000eb02e930 at /build/openjdk-7-9duhBW/openjdk-7-7u101-2.6.6/build/openjdk/hotspot/src/share/vm/prims/jvm.cpp:1322
Event: 2.268 Thread 0x00007feb1c1b4000 Threw 0x00000000eb5139d8 at /build/openjdk-7-9duhBW/openjdk-7-7u101-2.6.6/build/openjdk/hotspot/src/share/vm/prims/jvm.cpp:1322
Event: 2.703 Thread 0x00007feb1c00a800 Implicit null exception at 0x00007feb190a27d7 to 0x00007feb190a2ebd
Event: 4.141 Thread 0x00007feb1c00a800 Threw 0x00000000ebf07068 at /build/openjdk-7-9duhBW/openjdk-7-7u101-2.6.6/build/openjdk/hotspot/src/share/vm/prims/jvm.cpp:1322
Event: 4.303 Thread 0x00007feb1c00a800 Threw 0x00000000ec099588 at /build/openjdk-7-9duhBW/openjdk-7-7u101-2.6.6/build/openjdk/hotspot/src/share/vm/prims/jvm.cpp:1322
Event: 5.058 Thread 0x00007feb1c1b1000 Implicit null exception at 0x00007feb190c8777 to 0x00007feb190ca251
Event: 5.767 Thread 0x00007feb1c1b6000 Threw 0x00000000ebe6c828 at /build/openjdk-7-9duhBW/openjdk-7-7u101-2.6.6/build/openjdk/hotspot/src/share/vm/prims/jvm.cpp:1322
Event: 12.506 Thread 0x00007feb1c00a800 Threw 0x00000000eb349890 at /build/openjdk-7-9duhBW/openjdk-7-7u101-2.6.6/build/openjdk/hotspot/src/share/vm/prims/jvm.cpp:1322
Event: 13.595 Thread 0x00007feb1c1b6000 Implicit null exception at 0x00007feb1912532d to 0x00007feb19129101

Events (10 events):
Event: 13.595 Thread 0x00007feb1c1b6000 DEOPT UNPACKING pc=0x00007feb19039445 sp=0x00007feae2f6b1f8 mode 2
Event: 13.608 Thread 0x00007feb1c0ae000 flushing nmethod 0x00007feb19093f50
Event: 13.626 Thread 0x00007feb1c0ae000 flushing nmethod 0x00007feb190a1f90
Event: 15.432 Thread 0x00007feb1c0ae000 flushing nmethod 0x00007feb190aaad0
Event: 15.532 Thread 0x00007feb1c0ab000 flushing nmethod 0x00007feb190b8050
Event: 15.532 Thread 0x00007feb1c0ab000 flushing nmethod 0x00007feb190c7610
Event: 15.686 Thread 0x00007feb1c1b6000 Uncommon trap: trap_request=0xffffff75 fr.pc=0x00007feb190eee8c
Event: 15.686 Thread 0x00007feb1c1b6000 DEOPT PACKING pc=0x00007feb190eee8c sp=0x00007feae2f6b080
Event: 15.705 Thread 0x00007feb1c1b6000 DEOPT UNPACKING pc=0x00007feb19039445 sp=0x00007feae2f6b078 mode 2
Event: 15.771 Executing VM operation: ParallelGCFailedAllocation


Dynamic libraries:
00400000-00401000 r-xp 00000000 08:09 1578469                            /usr/lib/jvm/java-7-openjdk-amd64/jre/bin/java
00600000-00601000 r--p 00000000 08:09 1578469                            /usr/lib/jvm/java-7-openjdk-amd64/jre/bin/java
00601000-00602000 rw-p 00001000 08:09 1578469                            /usr/lib/jvm/java-7-openjdk-amd64/jre/bin/java
013dd000-013fe000 rw-p 00000000 00:00 0                                  [heap]
b5a00000-b6f00000 rw-p 00000000 00:00 0 
b6f00000-c0000000 rw-p 00000000 00:00 0 
c0000000-c3d00000 rw-p 00000000 00:00 0 
c3d00000-eaa80000 rw-p 00000000 00:00 0 
eaa80000-f2780000 rw-p 00000000 00:00 0 
f9480000-100000000 rw-p 00000000 00:00 0 
7feacc000000-7feacc021000 rw-p 00000000 00:00 0 
7feacc021000-7fead0000000 ---p 00000000 00:00 0 
7fead0000000-7fead0022000 rw-p 00000000 00:00 0 
7fead0022000-7fead4000000 ---p 00000000 00:00 0 
7fead4000000-7fead4021000 rw-p 00000000 00:00 0 
7fead4021000-7fead8000000 ---p 00000000 00:00 0 
7fead8000000-7fead8021000 rw-p 00000000 00:00 0 
7fead8021000-7feadc000000 ---p 00000000 00:00 0 
7feadc000000-7feadc02d000 rw-p 00000000 00:00 0 
7feadc02d000-7feae0000000 ---p 00000000 00:00 0 
7feae2e6c000-7feae2e6f000 ---p 00000000 00:00 0 
7feae2e6f000-7feae2f6d000 rw-p 00000000 00:00 0                          [stack:18576]
7feae2f6d000-7feae2f70000 ---p 00000000 00:00 0 
7feae2f70000-7feae306e000 rw-p 00000000 00:00 0                          [stack:18575]
7feae306e000-7feae3071000 ---p 00000000 00:00 0 
7feae3071000-7feae316f000 rw-p 00000000 00:00 0                          [stack:18572]
7feae316f000-7feae3172000 ---p 00000000 00:00 0 
7feae3172000-7feae3270000 rw-p 00000000 00:00 0                          [stack:18571]
7feae3270000-7feae32ad000 r-xp 00000000 08:09 393232                     /lib/x86_64-linux-gnu/libpcre.so.3.13.1
7feae32ad000-7feae34ac000 ---p 0003d000 08:09 393232                     /lib/x86_64-linux-gnu/libpcre.so.3.13.1
7feae34ac000-7feae34ad000 r--p 0003c000 08:09 393232                     /lib/x86_64-linux-gnu/libpcre.so.3.13.1
7feae34ad000-7feae34ae000 rw-p 0003d000 08:09 393232                     /lib/x86_64-linux-gnu/libpcre.so.3.13.1
7feae34ae000-7feae34b5000 r-xp 00000000 08:09 1442766                    /usr/lib/x86_64-linux-gnu/libffi.so.6.0.1
7feae34b5000-7feae36b4000 ---p 00007000 08:09 1442766                    /usr/lib/x86_64-linux-gnu/libffi.so.6.0.1
7feae36b4000-7feae36b5000 r--p 00006000 08:09 1442766                    /usr/lib/x86_64-linux-gnu/libffi.so.6.0.1
7feae36b5000-7feae36b6000 rw-p 00007000 08:09 1442766                    /usr/lib/x86_64-linux-gnu/libffi.so.6.0.1
7feae36b6000-7feae36cd000 r-xp 00000000 08:09 393246                     /lib/x86_64-linux-gnu/libresolv-2.19.so
7feae36cd000-7feae38cd000 ---p 00017000 08:09 393246                     /lib/x86_64-linux-gnu/libresolv-2.19.so
7feae38cd000-7feae38ce000 r--p 00017000 08:09 393246                     /lib/x86_64-linux-gnu/libresolv-2.19.so
7feae38ce000-7feae38cf000 rw-p 00018000 08:09 393246                     /lib/x86_64-linux-gnu/libresolv-2.19.so
7feae38cf000-7feae38d1000 rw-p 00000000 00:00 0 
7feae38d1000-7feae38f1000 r-xp 00000000 08:09 398000                     /lib/x86_64-linux-gnu/libselinux.so.1
7feae38f1000-7feae3af0000 ---p 00020000 08:09 398000                     /lib/x86_64-linux-gnu/libselinux.so.1
7feae3af0000-7feae3af1000 r--p 0001f000 08:09 398000                     /lib/x86_64-linux-gnu/libselinux.so.1
7feae3af1000-7feae3af2000 rw-p 00020000 08:09 398000                     /lib/x86_64-linux-gnu/libselinux.so.1
7feae3af2000-7feae3af4000 rw-p 00000000 00:00 0 
7feae3af4000-7feae3af7000 r-xp 00000000 08:09 1453606                    /usr/lib/x86_64-linux-gnu/libgmodule-2.0.so.0.4002.0
7feae3af7000-7feae3cf6000 ---p 00003000 08:09 1453606                    /usr/lib/x86_64-linux-gnu/libgmodule-2.0.so.0.4002.0
7feae3cf6000-7feae3cf7000 r--p 00002000 08:09 1453606                    /usr/lib/x86_64-linux-gnu/libgmodule-2.0.so.0.4002.0
7feae3cf7000-7feae3cf8000 rw-p 00003000 08:09 1453606                    /usr/lib/x86_64-linux-gnu/libgmodule-2.0.so.0.4002.0
7feae3cf8000-7feae3dfe000 r-xp 00000000 08:09 397900                     /lib/x86_64-linux-gnu/libglib-2.0.so.0.4002.0
7feae3dfe000-7feae3ffd000 ---p 00106000 08:09 397900                     /lib/x86_64-linux-gnu/libglib-2.0.so.0.4002.0
7feae3ffd000-7feae3ffe000 r--p 00105000 08:09 397900                     /lib/x86_64-linux-gnu/libglib-2.0.so.0.4002.0
7feae3ffe000-7feae3fff000 rw-p 00106000 08:09 397900                     /lib/x86_64-linux-gnu/libglib-2.0.so.0.4002.0
7feae3fff000-7feae4000000 rw-p 00000000 00:00 0 
7feae4000000-7feae4021000 rw-p 00000000 00:00 0 
7feae4021000-7feae8000000 ---p 00000000 00:00 0 
7feae8000000-7feae8021000 rw-p 00000000 00:00 0 
7feae8021000-7feaec000000 ---p 00000000 00:00 0 
7feaec000000-7feaed8be000 rw-p 00000000 00:00 0 
7feaed8be000-7feaf0000000 ---p 00000000 00:00 0 
7feaf0000000-7feaf141d000 rw-p 00000000 00:00 0 
7feaf141d000-7feaf4000000 ---p 00000000 00:00 0 
7feaf4000000-7feaf4021000 rw-p 00000000 00:00 0 
7feaf4021000-7feaf8000000 ---p 00000000 00:00 0 
7feaf8000000-7feaf8021000 rw-p 00000000 00:00 0 
7feaf8021000-7feafc000000 ---p 00000000 00:00 0 
7feafc000000-7feafc021000 rw-p 00000000 00:00 0 
7feafc021000-7feb00000000 ---p 00000000 00:00 0 
7feb00000000-7feb00021000 rw-p 00000000 00:00 0 
7feb00021000-7feb04000000 ---p 00000000 00:00 0 
7feb04000000-7feb04021000 rw-p 00000000 00:00 0 
7feb04021000-7feb08000000 ---p 00000000 00:00 0 
7feb080bb000-7feb080be000 ---p 00000000 00:00 0 
7feb080be000-7feb081ed000 rw-p 00000000 00:00 0                          [stack:18562]
7feb081ed000-7feb0823c000 r-xp 00000000 08:09 1453630                    /usr/lib/x86_64-linux-gnu/libgobject-2.0.so.0.4002.0
7feb0823c000-7feb0843c000 ---p 0004f000 08:09 1453630                    /usr/lib/x86_64-linux-gnu/libgobject-2.0.so.0.4002.0
7feb0843c000-7feb0843d000 r--p 0004f000 08:09 1453630                    /usr/lib/x86_64-linux-gnu/libgobject-2.0.so.0.4002.0
7feb0843d000-7feb0843e000 rw-p 00050000 08:09 1453630                    /usr/lib/x86_64-linux-gnu/libgobject-2.0.so.0.4002.0
7feb0843e000-7feb085aa000 r-xp 00000000 08:09 1453592                    /usr/lib/x86_64-linux-gnu/libgio-2.0.so.0.4002.0
7feb085aa000-7feb087a9000 ---p 0016c000 08:09 1453592                    /usr/lib/x86_64-linux-gnu/libgio-2.0.so.0.4002.0
7feb087a9000-7feb087ad000 r--p 0016b000 08:09 1453592                    /usr/lib/x86_64-linux-gnu/libgio-2.0.so.0.4002.0
7feb087ad000-7feb087af000 rw-p 0016f000 08:09 1453592                    /usr/lib/x86_64-linux-gnu/libgio-2.0.so.0.4002.0
7feb087af000-7feb087b1000 rw-p 00000000 00:00 0 
7feb087d1000-7feb087e8000 r-xp 00000000 08:09 1584906                    /usr/lib/jvm/java-7-openjdk-amd64/jre/lib/amd64/libnet.so
7feb087e8000-7feb089e7000 ---p 00017000 08:09 1584906                    /usr/lib/jvm/java-7-openjdk-amd64/jre/lib/amd64/libnet.so
7feb089e7000-7feb089e8000 r--p 00016000 08:09 1584906                    /usr/lib/jvm/java-7-openjdk-amd64/jre/lib/amd64/libnet.so
7feb089e8000-7feb089e9000 rw-p 00017000 08:09 1584906                    /usr/lib/jvm/java-7-openjdk-amd64/jre/lib/amd64/libnet.so
7feb089e9000-7feb089f9000 r-xp 00000000 08:09 1589838                    /usr/lib/jvm/java-7-openjdk-amd64/jre/lib/amd64/libnio.so
7feb089f9000-7feb08bf9000 ---p 00010000 08:09 1589838                    /usr/lib/jvm/java-7-openjdk-amd64/jre/lib/amd64/libnio.so
7feb08bf9000-7feb08bfa000 r--p 00010000 08:09 1589838                    /usr/lib/jvm/java-7-openjdk-amd64/jre/lib/amd64/libnio.so
7feb08bfa000-7feb08bfb000 rw-p 00011000 08:09 1589838                    /usr/lib/jvm/java-7-openjdk-amd64/jre/lib/amd64/libnio.so
7feb08bfb000-7feb08bfc000 ---p 00000000 00:00 0 
7feb08bfc000-7feb08cfc000 rw-p 00000000 00:00 0                          [stack:18543]
7feb08cfc000-7feb08cff000 ---p 00000000 00:00 0 
7feb08cff000-7feb08dfd000 rw-p 00000000 00:00 0                          [stack:18542]
7feb08dfd000-7feb08e00000 ---p 00000000 00:00 0 
7feb08e00000-7feb08efe000 rw-p 00000000 00:00 0                          [stack:18541]
7feb08efe000-7feb08f01000 ---p 00000000 00:00 0 
7feb08f01000-7feb08fff000 rw-p 00000000 00:00 0                          [stack:18540]
7feb08fff000-7feb09002000 ---p 00000000 00:00 0 
7feb09002000-7feb09100000 rw-p 00000000 00:00 0                          [stack:18539]
7feb09100000-7feb093c9000 r--p 00000000 08:09 1450971                    /usr/lib/locale/locale-archive
7feb093c9000-7feb093cc000 ---p 00000000 00:00 0 
7feb093cc000-7feb094ca000 rw-p 00000000 00:00 0                          [stack:18538]
7feb094ca000-7feb094cd000 ---p 00000000 00:00 0 
7feb094cd000-7feb095cb000 rw-p 00000000 00:00 0                          [stack:18532]
7feb095cb000-7feb095cc000 ---p 00000000 00:00 0 
7feb095cc000-7feb0c000000 rw-p 00000000 00:00 0                          [stack:18527]
7feb0c000000-7feb0c021000 rw-p 00000000 00:00 0 
7feb0c021000-7feb10000000 ---p 00000000 00:00 0 
7feb10000000-7feb10021000 rw-p 00000000 00:00 0 
7feb10021000-7feb14000000 ---p 00000000 00:00 0 
7feb14000000-7feb14021000 rw-p 00000000 00:00 0 
7feb14021000-7feb18000000 ---p 00000000 00:00 0 
7feb18002000-7feb18bfb000 rw-p 00000000 00:00 0 
7feb18bfb000-7feb18dad000 r--s 01d32000 08:09 1591502                    /usr/lib/jvm/java-7-openjdk-amd64/jre/lib/rt.jar
7feb18dad000-7feb19000000 rw-p 00000000 00:00 0 
7feb19000000-7feb19270000 rwxp 00000000 00:00 0 
7feb19270000-7feb1c1fe000 rw-p 00000000 00:00 0 
7feb1c1fe000-7feb20000000 ---p 00000000 00:00 0 
7feb20002000-7feb20018000 r--s 000f1000 00:1c 1454964                    /home/last-first/AndroidStudioProjects/Project_Fericity/app/build/intermediates/exploded-aar/com.android.support/support-v4/23.4.0/jars/classes.jar
7feb20018000-7feb20129000 rw-p 00000000 00:00 0 
7feb20129000-7feb2012a000 ---p 00000000 00:00 0 
7feb2012a000-7feb2022a000 rw-p 00000000 00:00 0                          [stack:18525]
7feb2022a000-7feb2022b000 ---p 00000000 00:00 0 
7feb2022b000-7feb2032b000 rw-p 00000000 00:00 0                          [stack:18520]
7feb2032b000-7feb2032c000 ---p 00000000 00:00 0 
7feb2032c000-7feb2042c000 rw-p 00000000 00:00 0                          [stack:18516]
7feb2042c000-7feb2042d000 ---p 00000000 00:00 0 
7feb2042d000-7feb20538000 rw-p 00000000 00:00 0                          [stack:18513]
7feb20538000-7feb20580000 rw-p 00000000 00:00 0 
7feb20580000-7feb2059f000 rw-p 00000000 00:00 0 
7feb2059f000-7feb206d6000 rw-p 00000000 00:00 0 
7feb206d6000-7feb206e1000 rw-p 00000000 00:00 0 
7feb206e1000-7feb20729000 rw-p 00000000 00:00 0 
7feb20729000-7feb20748000 rw-p 00000000 00:00 0 
7feb20748000-7feb2087e000 rw-p 00000000 00:00 0 
7feb2087e000-7feb208bd000 rw-p 00000000 00:00 0 
7feb208bd000-7feb20929000 rw-p 00000000 00:00 0 
7feb20929000-7feb2092a000 rw-p 00000000 00:00 0 
7feb2092a000-7feb20932000 r-xp 00000000 08:09 1589816                    /usr/lib/jvm/java-7-openjdk-amd64/jre/lib/amd64/libzip.so
7feb20932000-7feb20b31000 ---p 00008000 08:09 1589816                    /usr/lib/jvm/java-7-openjdk-amd64/jre/lib/amd64/libzip.so
7feb20b31000-7feb20b32000 r--p 00007000 08:09 1589816                    /usr/lib/jvm/java-7-openjdk-amd64/jre/lib/amd64/libzip.so
7feb20b32000-7feb20b33000 rw-p 00008000 08:09 1589816                    /usr/lib/jvm/java-7-openjdk-amd64/jre/lib/amd64/libzip.so
7feb20b33000-7feb20b3e000 r-xp 00000000 08:09 394380                     /lib/x86_64-linux-gnu/libnss_files-2.19.so
7feb20b3e000-7feb20d3d000 ---p 0000b000 08:09 394380                     /lib/x86_64-linux-gnu/libnss_files-2.19.so
7feb20d3d000-7feb20d3e000 r--p 0000a000 08:09 394380                     /lib/x86_64-linux-gnu/libnss_files-2.19.so
7feb20d3e000-7feb20d3f000 rw-p 0000b000 08:09 394380                     /lib/x86_64-linux-gnu/libnss_files-2.19.so
7feb20d3f000-7feb20d4a000 r-xp 00000000 08:09 394343                     /lib/x86_64-linux-gnu/libnss_nis-2.19.so
7feb20d4a000-7feb20f49000 ---p 0000b000 08:09 394343                     /lib/x86_64-linux-gnu/libnss_nis-2.19.so
7feb20f49000-7feb20f4a000 r--p 0000a000 08:09 394343                     /lib/x86_64-linux-gnu/libnss_nis-2.19.so
7feb20f4a000-7feb20f4b000 rw-p 0000b000 08:09 394343                     /lib/x86_64-linux-gnu/libnss_nis-2.19.so
7feb20f4b000-7feb20f62000 r-xp 00000000 08:09 394333                     /lib/x86_64-linux-gnu/libnsl-2.19.so
7feb20f62000-7feb21161000 ---p 00017000 08:09 394333                     /lib/x86_64-linux-gnu/libnsl-2.19.so
7feb21161000-7feb21162000 r--p 00016000 08:09 394333                     /lib/x86_64-linux-gnu/libnsl-2.19.so
7feb21162000-7feb21163000 rw-p 00017000 08:09 394333                     /lib/x86_64-linux-gnu/libnsl-2.19.so
7feb21163000-7feb21165000 rw-p 00000000 00:00 0 
7feb21165000-7feb2116e000 r-xp 00000000 08:09 394327                     /lib/x86_64-linux-gnu/libnss_compat-2.19.so
7feb2116e000-7feb2136d000 ---p 00009000 08:09 394327                     /lib/x86_64-linux-gnu/libnss_compat-2.19.so
7feb2136d000-7feb2136e000 r--p 00008000 08:09 394327                     /lib/x86_64-linux-gnu/libnss_compat-2.19.so
7feb2136e000-7feb2136f000 rw-p 00009000 08:09 394327                     /lib/x86_64-linux-gnu/libnss_compat-2.19.so
7feb2136f000-7feb2139a000 r-xp 00000000 08:09 1584339                    /usr/lib/jvm/java-7-openjdk-amd64/jre/lib/amd64/libjava.so
7feb2139a000-7feb2159a000 ---p 0002b000 08:09 1584339                    /usr/lib/jvm/java-7-openjdk-amd64/jre/lib/amd64/libjava.so
7feb2159a000-7feb2159b000 r--p 0002b000 08:09 1584339                    /usr/lib/jvm/java-7-openjdk-amd64/jre/lib/amd64/libjava.so
7feb2159b000-7feb2159d000 rw-p 0002c000 08:09 1584339                    /usr/lib/jvm/java-7-openjdk-amd64/jre/lib/amd64/libjava.so
7feb2159d000-7feb215ad000 r-xp 00000000 08:09 1584340                    /usr/lib/jvm/java-7-openjdk-amd64/jre/lib/amd64/libverify.so
7feb215ad000-7feb217ac000 ---p 00010000 08:09 1584340                    /usr/lib/jvm/java-7-openjdk-amd64/jre/lib/amd64/libverify.so
7feb217ac000-7feb217ae000 r--p 0000f000 08:09 1584340                    /usr/lib/jvm/java-7-openjdk-amd64/jre/lib/amd64/libverify.so
7feb217ae000-7feb217af000 rw-p 00011000 08:09 1584340                    /usr/lib/jvm/java-7-openjdk-amd64/jre/lib/amd64/libverify.so
7feb217af000-7feb217b6000 r-xp 00000000 08:09 394368                     /lib/x86_64-linux-gnu/librt-2.19.so
7feb217b6000-7feb219b5000 ---p 00007000 08:09 394368                     /lib/x86_64-linux-gnu/librt-2.19.so
7feb219b5000-7feb219b6000 r--p 00006000 08:09 394368                     /lib/x86_64-linux-gnu/librt-2.19.so
7feb219b6000-7feb219b7000 rw-p 00007000 08:09 394368                     /lib/x86_64-linux-gnu/librt-2.19.so
7feb219b7000-7feb219cd000 r-xp 00000000 08:09 394353                     /lib/x86_64-linux-gnu/libgcc_s.so.1
7feb219cd000-7feb21bcc000 ---p 00016000 08:09 394353                     /lib/x86_64-linux-gnu/libgcc_s.so.1
7feb21bcc000-7feb21bcd000 rw-p 00015000 08:09 394353                     /lib/x86_64-linux-gnu/libgcc_s.so.1
7feb21bcd000-7feb21cd2000 r-xp 00000000 08:09 394318                     /lib/x86_64-linux-gnu/libm-2.19.so
7feb21cd2000-7feb21ed1000 ---p 00105000 08:09 394318                     /lib/x86_64-linux-gnu/libm-2.19.so
7feb21ed1000-7feb21ed2000 r--p 00104000 08:09 394318                     /lib/x86_64-linux-gnu/libm-2.19.so
7feb21ed2000-7feb21ed3000 rw-p 00105000 08:09 394318                     /lib/x86_64-linux-gnu/libm-2.19.so
7feb21ed3000-7feb21fb9000 r-xp 00000000 08:09 1442040                    /usr/lib/x86_64-linux-gnu/libstdc++.so.6.0.19
7feb21fb9000-7feb221b8000 ---p 000e6000 08:09 1442040                    /usr/lib/x86_64-linux-gnu/libstdc++.so.6.0.19
7feb221b8000-7feb221c0000 r--p 000e5000 08:09 1442040                    /usr/lib/x86_64-linux-gnu/libstdc++.so.6.0.19
7feb221c0000-7feb221c2000 rw-p 000ed000 08:09 1442040                    /usr/lib/x86_64-linux-gnu/libstdc++.so.6.0.19
7feb221c2000-7feb221d7000 rw-p 00000000 00:00 0 
7feb221d7000-7feb22cfc000 r-xp 00000000 08:09 1586076                    /usr/lib/jvm/java-7-openjdk-amd64/jre/lib/amd64/server/libjvm.so
7feb22cfc000-7feb22efc000 ---p 00b25000 08:09 1586076                    /usr/lib/jvm/java-7-openjdk-amd64/jre/lib/amd64/server/libjvm.so
7feb22efc000-7feb22f96000 r--p 00b25000 08:09 1586076                    /usr/lib/jvm/java-7-openjdk-amd64/jre/lib/amd64/server/libjvm.so
7feb22f96000-7feb22fb9000 rw-p 00bbf000 08:09 1586076                    /usr/lib/jvm/java-7-openjdk-amd64/jre/lib/amd64/server/libjvm.so
7feb22fb9000-7feb22fe8000 rw-p 00000000 00:00 0 
7feb22fe8000-7feb23000000 r-xp 00000000 08:09 398031                     /lib/x86_64-linux-gnu/libz.so.1.2.8
7feb23000000-7feb231ff000 ---p 00018000 08:09 398031                     /lib/x86_64-linux-gnu/libz.so.1.2.8
7feb231ff000-7feb23200000 r--p 00017000 08:09 398031                     /lib/x86_64-linux-gnu/libz.so.1.2.8
7feb23200000-7feb23201000 rw-p 00018000 08:09 398031                     /lib/x86_64-linux-gnu/libz.so.1.2.8
7feb23201000-7feb2321a000 r-xp 00000000 08:09 394334                     /lib/x86_64-linux-gnu/libpthread-2.19.so
7feb2321a000-7feb23419000 ---p 00019000 08:09 394334                     /lib/x86_64-linux-gnu/libpthread-2.19.so
7feb23419000-7feb2341a000 r--p 00018000 08:09 394334                     /lib/x86_64-linux-gnu/libpthread-2.19.so
7feb2341a000-7feb2341b000 rw-p 00019000 08:09 394334                     /lib/x86_64-linux-gnu/libpthread-2.19.so
7feb2341b000-7feb2341f000 rw-p 00000000 00:00 0 
7feb2341f000-7feb23422000 r-xp 00000000 08:09 394320                     /lib/x86_64-linux-gnu/libdl-2.19.so
7feb23422000-7feb23621000 ---p 00003000 08:09 394320                     /lib/x86_64-linux-gnu/libdl-2.19.so
7feb23621000-7feb23622000 r--p 00002000 08:09 394320                     /lib/x86_64-linux-gnu/libdl-2.19.so
7feb23622000-7feb23623000 rw-p 00003000 08:09 394320                     /lib/x86_64-linux-gnu/libdl-2.19.so
7feb23623000-7feb237de000 r-xp 00000000 08:09 394369                     /lib/x86_64-linux-gnu/libc-2.19.so
7feb237de000-7feb239dd000 ---p 001bb000 08:09 394369                     /lib/x86_64-linux-gnu/libc-2.19.so
7feb239dd000-7feb239e1000 r--p 001ba000 08:09 394369                     /lib/x86_64-linux-gnu/libc-2.19.so
7feb239e1000-7feb239e3000 rw-p 001be000 08:09 394369                     /lib/x86_64-linux-gnu/libc-2.19.so
7feb239e3000-7feb239e8000 rw-p 00000000 00:00 0 
7feb239e8000-7feb239f5000 r-xp 00000000 08:09 1589835                    /usr/lib/jvm/java-7-openjdk-amd64/jre/lib/amd64/jli/libjli.so
7feb239f5000-7feb23bf4000 ---p 0000d000 08:09 1589835                    /usr/lib/jvm/java-7-openjdk-amd64/jre/lib/amd64/jli/libjli.so
7feb23bf4000-7feb23bf5000 r--p 0000c000 08:09 1589835                    /usr/lib/jvm/java-7-openjdk-amd64/jre/lib/amd64/jli/libjli.so
7feb23bf5000-7feb23bf6000 rw-p 0000d000 08:09 1589835                    /usr/lib/jvm/java-7-openjdk-amd64/jre/lib/amd64/jli/libjli.so
7feb23bf6000-7feb23c19000 r-xp 00000000 08:09 394339                     /lib/x86_64-linux-gnu/ld-2.19.so
7feb23c21000-7feb23c30000 r--s 000df000 00:1c 1195652                    /home/last-first/Android/Sdk/build-tools/23.0.3/lib/dx.jar
7feb23c30000-7feb23c3a000 rw-p 00000000 00:00 0 
7feb23c3a000-7feb23cf0000 rw-p 00000000 00:00 0 
7feb23cf0000-7feb23cf3000 ---p 00000000 00:00 0 
7feb23cf3000-7feb23df6000 rw-p 00000000 00:00 0                          [stack:18509]
7feb23df7000-7feb23df8000 rw-p 00000000 00:00 0 
7feb23df8000-7feb23dfb000 r--s 0000f000 08:09 1594116                    /usr/lib/jvm/java-7-openjdk-amd64/jre/lib/ext/icedtea-sound.jar
7feb23dfb000-7feb23dff000 r--s 00034000 08:09 1594115                    /usr/lib/jvm/java-7-openjdk-amd64/jre/lib/ext/sunjce_provider.jar
7feb23dff000-7feb23e01000 r--s 00012000 08:09 1594114                    /usr/lib/jvm/java-7-openjdk-amd64/jre/lib/ext/zipfs.jar
7feb23e01000-7feb23e02000 r--s 00002000 08:09 1594113                    /usr/lib/jvm/java-7-openjdk-amd64/jre/lib/ext/dnsns.jar
7feb23e02000-7feb23e04000 r--s 00006000 08:09 1848721                    /usr/share/java/java-atk-wrapper.jar
7feb23e04000-7feb23e08000 r--s 00085000 08:09 1594117                    /usr/lib/jvm/java-7-openjdk-amd64/jre/lib/ext/localedata.jar
7feb23e08000-7feb23e0c000 r--s 0003c000 08:09 1594118                    /usr/lib/jvm/java-7-openjdk-amd64/jre/lib/ext/sunpkcs11.jar
7feb23e0c000-7feb23e14000 rw-s 00000000 08:09 529764                     /tmp/hsperfdata_last-first/18501
7feb23e14000-7feb23e15000 rw-p 00000000 00:00 0 
7feb23e15000-7feb23e16000 ---p 00000000 00:00 0 
7feb23e16000-7feb23e18000 rw-p 00000000 00:00 0 
7feb23e18000-7feb23e19000 r--p 00022000 08:09 394339                     /lib/x86_64-linux-gnu/ld-2.19.so
7feb23e19000-7feb23e1a000 rw-p 00023000 08:09 394339                     /lib/x86_64-linux-gnu/ld-2.19.so
7feb23e1a000-7feb23e1b000 rw-p 00000000 00:00 0 
7ffce32db000-7ffce32fc000 rw-p 00000000 00:00 0                          [stack]
7ffce339a000-7ffce339c000 r--p 00000000 00:00 0                          [vvar]
7ffce339c000-7ffce339e000 r-xp 00000000 00:00 0                          [vdso]
ffffffffff600000-ffffffffff601000 r-xp 00000000 00:00 0                  [vsyscall]

VM Arguments:
jvm_args: -Djava.awt.headless=true -Xmx1024M -Dfile.encoding=UTF-8 -Duser.country=PH -Duser.language=en -Duser.variant 
java_command: com.android.dx.command.Main --dex --force-jumbo --num-threads=4 --output /home/last-first/AndroidStudioProjects/Project_Fericity/app/build/intermediates/pre-dexed/debug/com.android.support-support-v4-23.4.0_4731daf5616ab5ca19c89d14c41431ad826c3563.jar /home/last-first/AndroidStudioProjects/Project_Fericity/app/build/intermediates/exploded-aar/com.android.support/support-v4/23.4.0/jars/classes.jar
Launcher Type: SUN_STANDARD

Environment Variables:
PATH=/usr/local/heroku/bin:/usr/local/sbin:/usr/local/bin:/usr/sbin:/usr/bin:/sbin:/bin:/usr/games:/usr/local/games
USERNAME=last-first
LD_LIBRARY_PATH=/opt/android-studio/bin:
SHELL=/bin/bash
DISPLAY=:0

Signal Handlers:
SIGSEGV: [libjvm.so+0x9561e0], sa_mask[0]=0x7ffbfeff, sa_flags=0x10000004
SIGBUS: [libjvm.so+0x9561e0], sa_mask[0]=0x7ffbfeff, sa_flags=0x10000004
SIGFPE: [libjvm.so+0x7cc4d0], sa_mask[0]=0x7ffbfeff, sa_flags=0x10000004
SIGPIPE: [libjvm.so+0x7cc4d0], sa_mask[0]=0x7ffbfeff, sa_flags=0x10000004
SIGXFSZ: [libjvm.so+0x7cc4d0], sa_mask[0]=0x7ffbfeff, sa_flags=0x10000004
SIGILL: [libjvm.so+0x7cc4d0], sa_mask[0]=0x7ffbfeff, sa_flags=0x10000004
SIGUSR1: SIG_DFL, sa_mask[0]=0x00000000, sa_flags=0x00000000
SIGUSR2: [libjvm.so+0x7cc370], sa_mask[0]=0x00000004, sa_flags=0x10000004
SIGHUP: [libjvm.so+0x7cc550], sa_mask[0]=0x7ffbfeff, sa_flags=0x10000004
SIGINT: SIG_IGN, sa_mask[0]=0x00000000, sa_flags=0x00000000
SIGTERM: [libjvm.so+0x7cc550], sa_mask[0]=0x7ffbfeff, sa_flags=0x10000004
SIGQUIT: [libjvm.so+0x7cc550], sa_mask[0]=0x7ffbfeff, sa_flags=0x10000004
SIGTRAP: SIG_DFL, sa_mask[0]=0x00000000, sa_flags=0x00000000


---------------  S Y S T E M  ---------------

OS:LinuxMint 17.3 (rosa)
uname:Linux 3.19.0-32-generic #37~14.04.1-Ubuntu SMP Thu Oct 22 09:41:40 UTC 2015 x86_64
libc:glibc 2.19 NPTL 2.19 
rlimit: STACK 8192k, CORE 0k, NPROC 22195, NOFILE 4096, AS infinity
load average:5.71 3.31 1.79

/proc/meminfo:
MemTotal:        6020328 kB
MemFree:          126824 kB
MemAvailable:      90548 kB
Buffers:            1548 kB
Cached:          1193240 kB
SwapCached:            0 kB
Active:          4591192 kB
Inactive:        1088308 kB
Active(anon):    4573900 kB
Inactive(anon):  1053360 kB
Active(file):      17292 kB
Inactive(file):    34948 kB
Unevictable:          16 kB
Mlocked:              16 kB
SwapTotal:             0 kB
SwapFree:              0 kB
Dirty:               388 kB
Writeback:             0 kB
AnonPages:       4485252 kB
Mapped:           786028 kB
Shmem:           1142028 kB
Slab:              88372 kB
SReclaimable:      44144 kB
SUnreclaim:        44228 kB
KernelStack:       13040 kB
PageTables:        46452 kB
NFS_Unstable:          0 kB
Bounce:                0 kB
WritebackTmp:          0 kB
CommitLimit:     3010164 kB
Committed_AS:   11290576 kB
VmallocTotal:   34359738367 kB
VmallocUsed:      386784 kB
VmallocChunk:   34359317944 kB
HardwareCorrupted:     0 kB
AnonHugePages:   2334720 kB
CmaTotal:              0 kB
CmaFree:               0 kB
HugePages_Total:       0
HugePages_Free:        0
HugePages_Rsvd:        0
HugePages_Surp:        0
Hugepagesize:       2048 kB
DirectMap4k:      160596 kB
DirectMap2M:     6039552 kB
DirectMap1G:           0 kB


CPU:total 4 (2 cores per cpu, 2 threads per core) family 6 model 61 stepping 4, cmov, cx8, fxsr, mmx, sse, sse2, sse3, ssse3, sse4.1, sse4.2, popcnt, avx, avx2, aes, erms, ht, tsc, tscinvbit

/proc/cpuinfo:
processor	: 0
vendor_id	: GenuineIntel
cpu family	: 6
model		: 61
model name	: Intel(R) Core(TM) i5-5200U CPU @ 2.20GHz
stepping	: 4
microcode	: 0x22
cpu MHz		: 1904.375
cache size	: 3072 KB
physical id	: 0
siblings	: 4
core id		: 0
cpu cores	: 2
apicid		: 0
initial apicid	: 0
fpu		: yes
fpu_exception	: yes
cpuid level	: 20
wp		: yes
flags		: fpu vme de pse tsc msr pae mce cx8 apic sep mtrr pge mca cmov pat pse36 clflush dts acpi mmx fxsr sse sse2 ss ht tm pbe syscall nx pdpe1gb rdtscp lm constant_tsc arch_perfmon pebs bts rep_good nopl xtopology nonstop_tsc aperfmperf eagerfpu pni pclmulqdq dtes64 monitor ds_cpl vmx est tm2 ssse3 fma cx16 xtpr pdcm pcid sse4_1 sse4_2 x2apic movbe popcnt tsc_deadline_timer aes xsave avx f16c rdrand lahf_lm abm 3dnowprefetch ida arat epb pln pts dtherm tpr_shadow vnmi flexpriority ept vpid fsgsbase tsc_adjust bmi1 avx2 smep bmi2 erms invpcid rdseed adx smap xsaveopt
bugs		:
bogomips	: 4389.55
clflush size	: 64
cache_alignment	: 64
address sizes	: 39 bits physical, 48 bits virtual
power management:

processor	: 1
vendor_id	: GenuineIntel
cpu family	: 6
model		: 61
model name	: Intel(R) Core(TM) i5-5200U CPU @ 2.20GHz
stepping	: 4
microcode	: 0x22
cpu MHz		: 2118.101
cache size	: 3072 KB
physical id	: 0
siblings	: 4
core id		: 1
cpu cores	: 2
apicid		: 2
initial apicid	: 2
fpu		: yes
fpu_exception	: yes
cpuid level	: 20
wp		: yes
flags		: fpu vme de pse tsc msr pae mce cx8 apic sep mtrr pge mca cmov pat pse36 clflush dts acpi mmx fxsr sse sse2 ss ht tm pbe syscall nx pdpe1gb rdtscp lm constant_tsc arch_perfmon pebs bts rep_good nopl xtopology nonstop_tsc aperfmperf eagerfpu pni pclmulqdq dtes64 monitor ds_cpl vmx est tm2 ssse3 fma cx16 xtpr pdcm pcid sse4_1 sse4_2 x2apic movbe popcnt tsc_deadline_timer aes xsave avx f16c rdrand lahf_lm abm 3dnowprefetch ida arat epb pln pts dtherm tpr_shadow vnmi flexpriority ept vpid fsgsbase tsc_adjust bmi1 avx2 smep bmi2 erms invpcid rdseed adx smap xsaveopt
bugs		:
bogomips	: 4389.55
clflush size	: 64
cache_alignment	: 64
address sizes	: 39 bits physical, 48 bits virtual
power management:

processor	: 2
vendor_id	: GenuineIntel
cpu family	: 6
model		: 61
model name	: Intel(R) Core(TM) i5-5200U CPU @ 2.20GHz
stepping	: 4
microcode	: 0x22
cpu MHz		: 2390.609
cache size	: 3072 KB
physical id	: 0
siblings	: 4
core id		: 0
cpu cores	: 2
apicid		: 1
initial apicid	: 1
fpu		: yes
fpu_exception	: yes
cpuid level	: 20
wp		: yes
flags		: fpu vme de pse tsc msr pae mce cx8 apic sep mtrr pge mca cmov pat pse36 clflush dts acpi mmx fxsr sse sse2 ss ht tm pbe syscall nx pdpe1gb rdtscp lm constant_tsc arch_perfmon pebs bts rep_good nopl xtopology nonstop_tsc aperfmperf eagerfpu pni pclmulqdq dtes64 monitor ds_cpl vmx est tm2 ssse3 fma cx16 xtpr pdcm pcid sse4_1 sse4_2 x2apic movbe popcnt tsc_deadline_timer aes xsave avx f16c rdrand lahf_lm abm 3dnowprefetch ida arat epb pln pts dtherm tpr_shadow vnmi flexpriority ept vpid fsgsbase tsc_adjust bmi1 avx2 smep bmi2 erms invpcid rdseed adx smap xsaveopt
bugs		:
bogomips	: 4389.55
clflush size	: 64
cache_alignment	: 64
address sizes	: 39 bits physical, 48 bits virtual
power management:

processor	: 3
vendor_id	: GenuineIntel
cpu family	: 6
model		: 61
model name	: Intel(R) Core(TM) i5-5200U CPU @ 2.20GHz
stepping	: 4
microcode	: 0x22
cpu MHz		: 2081.234
cache size	: 3072 KB
physical id	: 0
siblings	: 4
core id		: 1
cpu cores	: 2
apicid		: 3
initial apicid	: 3
fpu		: yes
fpu_exception	: yes
cpuid level	: 20
wp		: yes
flags		: fpu vme de pse tsc msr pae mce cx8 apic sep mtrr pge mca cmov pat pse36 clflush dts acpi mmx fxsr sse sse2 ss ht tm pbe syscall nx pdpe1gb rdtscp lm constant_tsc arch_perfmon pebs bts rep_good nopl xtopology nonstop_tsc aperfmperf eagerfpu pni pclmulqdq dtes64 monitor ds_cpl vmx est tm2 ssse3 fma cx16 xtpr pdcm pcid sse4_1 sse4_2 x2apic movbe popcnt tsc_deadline_timer aes xsave avx f16c rdrand lahf_lm abm 3dnowprefetch ida arat epb pln pts dtherm tpr_shadow vnmi flexpriority ept vpid fsgsbase tsc_adjust bmi1 avx2 smep bmi2 erms invpcid rdseed adx smap xsaveopt
bugs		:
bogomips	: 4389.55
clflush size	: 64
cache_alignment	: 64
address sizes	: 39 bits physical, 48 bits virtual
power management:



Memory: 4k page, physical 6020328k(126824k free), swap 0k(0k free)

vm_info: OpenJDK 64-Bit Server VM (24.95-b01) for linux-amd64 JRE (1.7.0_101-b00), built on Apr 24 2016 20:39:29 by "buildd" with gcc 4.8.2

time: Sat May 21 03:02:45 2016
elapsed time: 18 seconds

